This is pdfTeX, Version 3.14159265-2.6-1.40.19 (TeX Live 2018/W32TeX) (preloaded format=pdflatex 2018.12.13)  14 OCT 2022 14:51
entering extended mode
 restricted \write18 enabled.
 %&-line parsing enabled.
**phddisertation.tex
(./phddisertation.tex
LaTeX2e <2018-12-01>
(./thesis.cls
Document Class: thesis 2009/01/06 Rensselaer Polytechnic Institute
(c:/texlive/2018/texmf-dist/tex/latex/graphics/graphicx.sty
Package: graphicx 2017/06/01 v1.1a Enhanced LaTeX Graphics (DPC,SPQR)

(c:/texlive/2018/texmf-dist/tex/latex/graphics/keyval.sty
Package: keyval 2014/10/28 v1.15 key=value parser (DPC)
\KV@toks@=\toks14
)
(c:/texlive/2018/texmf-dist/tex/latex/graphics/graphics.sty
Package: graphics 2017/06/25 v1.2c Standard LaTeX Graphics (DPC,SPQR)

(c:/texlive/2018/texmf-dist/tex/latex/graphics/trig.sty
Package: trig 2016/01/03 v1.10 sin cos tan (DPC)
)
(c:/texlive/2018/texmf-dist/tex/latex/graphics-cfg/graphics.cfg
File: graphics.cfg 2016/06/04 v1.11 sample graphics configuration
)
Package graphics Info: Driver file: pdftex.def on input line 99.

(c:/texlive/2018/texmf-dist/tex/latex/graphics-def/pdftex.def
File: pdftex.def 2018/01/08 v1.0l Graphics/color driver for pdftex
))
\Gin@req@height=\dimen102
\Gin@req@width=\dimen103
)
(c:/texlive/2018/texmf-dist/tex/latex/float/float.sty
Package: float 2001/11/08 v1.3d Float enhancements (AL)
\c@float@type=\count80
\float@exts=\toks15
\float@box=\box27
\@float@everytoks=\toks16
\@floatcapt=\box28
)
(c:/texlive/2018/texmf-dist/tex/latex/base/report.cls
Document Class: report 2018/09/03 v1.4i Standard LaTeX document class
(c:/texlive/2018/texmf-dist/tex/latex/base/size12.clo
File: size12.clo 2018/09/03 v1.4i Standard LaTeX file (size option)
)
\c@part=\count81
\c@chapter=\count82
\c@section=\count83
\c@subsection=\count84
\c@subsubsection=\count85
\c@paragraph=\count86
\c@subparagraph=\count87
\c@figure=\count88
\c@table=\count89
\abovecaptionskip=\skip41
\belowcaptionskip=\skip42
\bibindent=\dimen104
)
(c:/texlive/2018/texmf-dist/tex/latex/geometry/geometry.sty
Package: geometry 2018/04/16 v5.8 Page Geometry

(c:/texlive/2018/texmf-dist/tex/generic/oberdiek/ifpdf.sty
Package: ifpdf 2018/09/07 v3.3 Provides the ifpdf switch
)
(c:/texlive/2018/texmf-dist/tex/generic/oberdiek/ifvtex.sty
Package: ifvtex 2016/05/16 v1.6 Detect VTeX and its facilities (HO)
Package ifvtex Info: VTeX not detected.
)
(c:/texlive/2018/texmf-dist/tex/generic/ifxetex/ifxetex.sty
Package: ifxetex 2010/09/12 v0.6 Provides ifxetex conditional
)
\Gm@cnth=\count90
\Gm@cntv=\count91
\c@Gm@tempcnt=\count92
\Gm@bindingoffset=\dimen105
\Gm@wd@mp=\dimen106
\Gm@odd@mp=\dimen107
\Gm@even@mp=\dimen108
\Gm@layoutwidth=\dimen109
\Gm@layoutheight=\dimen110
\Gm@layouthoffset=\dimen111
\Gm@layoutvoffset=\dimen112
\Gm@dimlist=\toks17
)
\c@firstchapter=\count93
\numcomm=\count94
\numcount=\count95

(c:/texlive/2018/texmf-dist/tex/latex/caption/caption.sty
Package: caption 2018/10/06 v3.3-154 Customizing captions (AR)

(c:/texlive/2018/texmf-dist/tex/latex/caption/caption3.sty
Package: caption3 2018/09/12 v1.8c caption3 kernel (AR)
Package caption3 Info: TeX engine: e-TeX on input line 64.
\captionmargin=\dimen113
\captionmargin@=\dimen114
\captionwidth=\dimen115
\caption@tempdima=\dimen116
\caption@indent=\dimen117
\caption@parindent=\dimen118
\caption@hangindent=\dimen119
Package caption Info: Unknown document class (or package),
(caption)             standard defaults will be used.
)

Package caption Warning: Unsupported document class (or package) detected,
(caption)                usage of the caption package is not recommended.
See the caption package documentation for explanation.

Package caption Info: \@makecaption = \long macro:#1#2->\vskip \abovecaptionski
p \sbox \@tempboxa {\bfseries #1:~~#2}\ifdim \wd \@tempboxa >\hsize {\bfseries 
#1:~~#2}\par \else \global \@minipagefalse \hb@xt@ \hsize {\hfil \box \@tempbox
a \hfil }\fi \vskip \belowcaptionskip .
\c@caption@flags=\count96
\c@ContinuedFloat=\count97
Package caption Info: float package is loaded.
)) (c:/texlive/2018/texmf-dist/tex/latex/amsmath/amsmath.sty
Package: amsmath 2018/12/01 v2.17b AMS math features
\@mathmargin=\skip43

For additional information on amsmath, use the `?' option.
(c:/texlive/2018/texmf-dist/tex/latex/amsmath/amstext.sty
Package: amstext 2000/06/29 v2.01 AMS text

(c:/texlive/2018/texmf-dist/tex/latex/amsmath/amsgen.sty
File: amsgen.sty 1999/11/30 v2.0 generic functions
\@emptytoks=\toks18
\ex@=\dimen120
))
(c:/texlive/2018/texmf-dist/tex/latex/amsmath/amsbsy.sty
Package: amsbsy 1999/11/29 v1.2d Bold Symbols
\pmbraise@=\dimen121
)
(c:/texlive/2018/texmf-dist/tex/latex/amsmath/amsopn.sty
Package: amsopn 2016/03/08 v2.02 operator names
)
\inf@bad=\count98
LaTeX Info: Redefining \frac on input line 223.
\uproot@=\count99
\leftroot@=\count100
LaTeX Info: Redefining \overline on input line 385.
\classnum@=\count101
\DOTSCASE@=\count102
LaTeX Info: Redefining \ldots on input line 482.
LaTeX Info: Redefining \dots on input line 485.
LaTeX Info: Redefining \cdots on input line 606.
\Mathstrutbox@=\box29
\strutbox@=\box30
\big@size=\dimen122
LaTeX Font Info:    Redeclaring font encoding OML on input line 729.
LaTeX Font Info:    Redeclaring font encoding OMS on input line 730.
\macc@depth=\count103
\c@MaxMatrixCols=\count104
\dotsspace@=\muskip10
\c@parentequation=\count105
\dspbrk@lvl=\count106
\tag@help=\toks19
\row@=\count107
\column@=\count108
\maxfields@=\count109
\andhelp@=\toks20
\eqnshift@=\dimen123
\alignsep@=\dimen124
\tagshift@=\dimen125
\tagwidth@=\dimen126
\totwidth@=\dimen127
\lineht@=\dimen128
\@envbody=\toks21
\multlinegap=\skip44
\multlinetaggap=\skip45
\mathdisplay@stack=\toks22
LaTeX Info: Redefining \[ on input line 2844.
LaTeX Info: Redefining \] on input line 2845.
)
(c:/texlive/2018/texmf-dist/tex/latex/mhchem/mhchem.sty
Package: mhchem 2018/06/22 v4.08 for typesetting chemical formulae

(c:/texlive/2018/texmf-dist/tex/latex/l3kernel/expl3.sty
Package: expl3 2018-12-11 L3 programming layer (loader) 

(c:/texlive/2018/texmf-dist/tex/latex/l3kernel/expl3-code.tex
Package: expl3 2018-12-11 L3 programming layer (code)
\c_max_int=\count110
\l_tmpa_int=\count111
\l_tmpb_int=\count112
\g_tmpa_int=\count113
\g_tmpb_int=\count114
\g__kernel_prg_map_int=\count115
\c_log_iow=\count116
\l_iow_line_count_int=\count117
\l__iow_line_target_int=\count118
\l__iow_one_indent_int=\count119
\l__iow_indent_int=\count120
\c_zero_dim=\dimen129
\c_max_dim=\dimen130
\l_tmpa_dim=\dimen131
\l_tmpb_dim=\dimen132
\g_tmpa_dim=\dimen133
\g_tmpb_dim=\dimen134
\c_zero_skip=\skip46
\c_max_skip=\skip47
\l_tmpa_skip=\skip48
\l_tmpb_skip=\skip49
\g_tmpa_skip=\skip50
\g_tmpb_skip=\skip51
\c_zero_muskip=\muskip11
\c_max_muskip=\muskip12
\l_tmpa_muskip=\muskip13
\l_tmpb_muskip=\muskip14
\g_tmpa_muskip=\muskip15
\g_tmpb_muskip=\muskip16
\l_keys_choice_int=\count121
\l__intarray_loop_int=\count122
\c__intarray_sp_dim=\dimen135
\g__intarray_font_int=\count123
\c__fp_leading_shift_int=\count124
\c__fp_middle_shift_int=\count125
\c__fp_trailing_shift_int=\count126
\c__fp_big_leading_shift_int=\count127
\c__fp_big_middle_shift_int=\count128
\c__fp_big_trailing_shift_int=\count129
\c__fp_Bigg_leading_shift_int=\count130
\c__fp_Bigg_middle_shift_int=\count131
\c__fp_Bigg_trailing_shift_int=\count132
\c__kernel_randint_max_int=\count133
\g__fp_array_int=\count134
\l__fp_array_loop_int=\count135
\l__sort_length_int=\count136
\l__sort_min_int=\count137
\l__sort_top_int=\count138
\l__sort_max_int=\count139
\l__sort_true_max_int=\count140
\l__sort_block_int=\count141
\l__sort_begin_int=\count142
\l__sort_end_int=\count143
\l__sort_A_int=\count144
\l__sort_B_int=\count145
\l__sort_C_int=\count146
\l__tl_analysis_normal_int=\count147
\l__tl_analysis_index_int=\count148
\l__tl_analysis_nesting_int=\count149
\l__tl_analysis_type_int=\count150
\l__regex_internal_a_int=\count151
\l__regex_internal_b_int=\count152
\l__regex_internal_c_int=\count153
\l__regex_balance_int=\count154
\l__regex_group_level_int=\count155
\l__regex_mode_int=\count156
\c__regex_cs_in_class_mode_int=\count157
\c__regex_cs_mode_int=\count158
\l__regex_catcodes_int=\count159
\l__regex_default_catcodes_int=\count160
\c__regex_catcode_D_int=\count161
\c__regex_catcode_S_int=\count162
\c__regex_catcode_L_int=\count163
\c__regex_catcode_O_int=\count164
\c__regex_catcode_A_int=\count165
\c__regex_all_catcodes_int=\count166
\l__regex_show_lines_int=\count167
\l__regex_min_state_int=\count168
\l__regex_max_state_int=\count169
\l__regex_left_state_int=\count170
\l__regex_right_state_int=\count171
\l__regex_capturing_group_int=\count172
\l__regex_min_pos_int=\count173
\l__regex_max_pos_int=\count174
\l__regex_curr_pos_int=\count175
\l__regex_start_pos_int=\count176
\l__regex_success_pos_int=\count177
\l__regex_curr_char_int=\count178
\l__regex_curr_catcode_int=\count179
\l__regex_last_char_int=\count180
\l__regex_case_changed_char_int=\count181
\l__regex_curr_state_int=\count182
\l__regex_step_int=\count183
\l__regex_min_active_int=\count184
\l__regex_max_active_int=\count185
\l__regex_replacement_csnames_int=\count186
\l__regex_match_count_int=\count187
\l__regex_min_submatch_int=\count188
\l__regex_submatch_int=\count189
\l__regex_zeroth_submatch_int=\count190
\g__regex_trace_regex_int=\count191
\c_empty_box=\box31
\l_tmpa_box=\box32
\l_tmpb_box=\box33
\g_tmpa_box=\box34
\g_tmpb_box=\box35
\l__box_top_dim=\dimen136
\l__box_bottom_dim=\dimen137
\l__box_left_dim=\dimen138
\l__box_right_dim=\dimen139
\l__box_top_new_dim=\dimen140
\l__box_bottom_new_dim=\dimen141
\l__box_left_new_dim=\dimen142
\l__box_right_new_dim=\dimen143
\l__box_internal_box=\box36
\l__coffin_internal_box=\box37
\l__coffin_internal_dim=\dimen144
\l__coffin_offset_x_dim=\dimen145
\l__coffin_offset_y_dim=\dimen146
\l__coffin_x_dim=\dimen147
\l__coffin_y_dim=\dimen148
\l__coffin_x_prime_dim=\dimen149
\l__coffin_y_prime_dim=\dimen150
\c_empty_coffin=\box38
\l__coffin_aligned_coffin=\box39
\l__coffin_aligned_internal_coffin=\box40
\l_tmpa_coffin=\box41
\l_tmpb_coffin=\box42
\l__coffin_display_coffin=\box43
\l__coffin_display_coord_coffin=\box44
\l__coffin_display_pole_coffin=\box45
\l__coffin_display_offset_dim=\dimen151
\l__coffin_display_x_dim=\dimen152
\l__coffin_display_y_dim=\dimen153
\g__file_internal_ior=\read1
\l__coffin_bounding_shift_dim=\dimen154
\l__coffin_left_corner_dim=\dimen155
\l__coffin_right_corner_dim=\dimen156
\l__coffin_bottom_corner_dim=\dimen157
\l__coffin_top_corner_dim=\dimen158
\l__coffin_scaled_total_height_dim=\dimen159
\l__coffin_scaled_width_dim=\dimen160
\l__seq_internal_a_int=\count192
\l__seq_internal_b_int=\count193
)
(c:/texlive/2018/texmf-dist/tex/latex/l3kernel/l3pdfmode.def
File: l3pdfmode.def 2018-12-11 v L3 Experimental driver: PDF mode
\l__driver_color_stack_int=\count194
))
(c:/texlive/2018/texmf-dist/tex/latex/l3packages/l3keys2e/l3keys2e.sty
Package: l3keys2e 2018-10-17 LaTeX2e option processing using LaTeX3 keys
)
(c:/texlive/2018/texmf-dist/tex/latex/tools/calc.sty
Package: calc 2017/05/25 v4.3 Infix arithmetic (KKT,FJ)
\calc@Acount=\count195
\calc@Bcount=\count196
\calc@Adimen=\dimen161
\calc@Bdimen=\dimen162
\calc@Askip=\skip52
\calc@Bskip=\skip53
LaTeX Info: Redefining \setlength on input line 80.
LaTeX Info: Redefining \addtolength on input line 81.
\calc@Ccount=\count197
\calc@Cskip=\skip54
)
(c:/texlive/2018/texmf-dist/tex/latex/chemgreek/chemgreek.sty
(c:/texlive/2018/texmf-dist/tex/latex/l3packages/xparse/xparse.sty
Package: xparse 2018-10-17 L3 Experimental document command parser
\l__xparse_current_arg_int=\count198
\g__xparse_grabber_int=\count199
\l__xparse_m_args_int=\count266
\l__xparse_mandatory_args_int=\count267
\l__xparse_v_nesting_int=\count268
)
Package: chemgreek 2016/12/20 v1.1 interfaceforuprightgreeklettersforuseinchemi
stry (CN)
\l__chemgreek_tmpa_int=\count269
\g__chemgreek_tmpa_int=\count270
)
\l__mhchem_ce_distanceFromLastComma_int=\count271
\__mhchem_arrow_extPgfLength_skip=\skip55
\mhchem@minispace@tmp=\skip56
\mhchem@minibackspace@tmp=\skip57
\mhchem@bondwidth=\skip58
\mhchem@bondheight=\skip59
\mhchem@smallbondwidth@tmpA=\skip60
\mhchem@smallbondwidth@tmpB=\skip61
\mhchem@smallbondwidth=\skip62
\mhchem@bondtmp@minussidebearingleft=\skip63
\mhchem@bondtmp@minussidebearingright=\skip64
\l__mhchem_option_version_int=\count272
\mhchem@option@minusmathsidebearingleft=\dimen163
\mhchem@option@minusmathsidebearingright=\dimen164
\mhchem@option@minustextsidebearingleft=\dimen165
\mhchem@option@minustextsidebearingright=\dimen166
)
(c:/texlive/2018/texmf-dist/tex/latex/siunitx/siunitx.sty
Package: siunitx 2018/05/17 v2.7s A comprehensive (SI) units package

(c:/texlive/2018/texmf-dist/tex/latex/tools/array.sty
Package: array 2018/11/13 v2.4j Tabular extension package (FMi)
\col@sep=\dimen167
\ar@mcellbox=\box46
\extrarowheight=\dimen168
\NC@list=\toks23
\extratabsurround=\skip65
\backup@length=\skip66
\ar@cellbox=\box47
)
\l__siunitx_tmp_box=\box48
\l__siunitx_tmp_dim=\dimen169
\l__siunitx_tmp_int=\count273
\l__siunitx_number_mantissa_length_int=\count274
\l__siunitx_number_uncert_length_int=\count275
\l__siunitx_round_int=\count276
\l__siunitx_process_decimal_int=\count277
\l__siunitx_process_uncertainty_int=\count278
\l__siunitx_process_fixed_int=\count279
\l__siunitx_process_integer_min_int=\count280
\l__siunitx_process_precision_int=\count281
\l__siunitx_group_min_int=\count282
\l__siunitx_angle_marker_box=\box49
\l__siunitx_angle_unit_box=\box50
\l__siunitx_angle_marker_dim=\dimen170
\l__siunitx_angle_unit_dim=\dimen171
\l__siunitx_unit_int=\count283
\l__siunitx_unit_denominator_int=\count284
\l__siunitx_unit_numerator_int=\count285
\l__siunitx_unit_prefix_int=\count286
\l__siunitx_unit_prefix_base_int=\count287
\l__siunitx_unit_prefix_gram_int=\count288
\l__siunitx_number_product_int=\count289
\c__siunitx_one_fill_skip=\skip67
\l__siunitx_table_unit_align_skip=\skip68
\l__siunitx_table_exponent_dim=\dimen172
\l__siunitx_table_integer_dim=\dimen173
\l__siunitx_table_mantissa_dim=\dimen174
\l__siunitx_table_marker_dim=\dimen175
\l__siunitx_table_result_dim=\dimen176
\l__siunitx_table_uncert_dim=\dimen177
\l__siunitx_table_fill_pre_dim=\dimen178
\l__siunitx_table_fill_post_dim=\dimen179
\l__siunitx_table_fill_mid_dim=\dimen180
\l__siunitx_table_pre_box=\box51
\l__siunitx_table_post_box=\box52
\l__siunitx_table_mantissa_box=\box53
\l__siunitx_table_result_box=\box54
\l__siunitx_table_number_align_skip=\skip69
\l__siunitx_table_text_align_skip=\skip70

(c:/texlive/2018/texmf-dist/tex/latex/translator/translator.sty
Package: translator 2018/01/04 v1.12 Easy translation of strings in LaTeX
))
(c:/texlive/2018/texmf-dist/tex/latex/tools/longtable.sty
Package: longtable 2014/10/28 v4.11 Multi-page Table package (DPC)
\LTleft=\skip71
\LTright=\skip72
\LTpre=\skip73
\LTpost=\skip74
\LTchunksize=\count290
\LTcapwidth=\dimen181
\LT@head=\box55
\LT@firsthead=\box56
\LT@foot=\box57
\LT@lastfoot=\box58
\LT@cols=\count291
\LT@rows=\count292
\c@LT@tables=\count293
\c@LT@chunks=\count294
\LT@p@ftn=\toks24
)
(c:/texlive/2018/texmf-dist/tex/latex/tools/tabularx.sty
Package: tabularx 2016/02/03 v2.11b `tabularx' package (DPC)
\TX@col@width=\dimen182
\TX@old@table=\dimen183
\TX@old@col=\dimen184
\TX@target=\dimen185
\TX@delta=\dimen186
\TX@cols=\count295
\TX@ftn=\toks25
)
(c:/texlive/2018/texmf-dist/tex/latex/caption/subcaption.sty
Package: subcaption 2018/05/01 v1.1-162 Sub-captions (AR)
\c@subfigure=\count296
\c@subtable=\count297
)
(c:/texlive/2018/texmf-dist/tex/latex/amsfonts/amssymb.sty
Package: amssymb 2013/01/14 v3.01 AMS font symbols

(c:/texlive/2018/texmf-dist/tex/latex/amsfonts/amsfonts.sty
Package: amsfonts 2013/01/14 v3.01 Basic AMSFonts support
\symAMSa=\mathgroup4
\symAMSb=\mathgroup5
LaTeX Font Info:    Overwriting math alphabet `\mathfrak' in version `bold'
(Font)                  U/euf/m/n --> U/euf/b/n on input line 106.
))
(c:/texlive/2018/texmf-dist/tex/latex/tools/bm.sty
Package: bm 2017/01/16 v1.2c Bold Symbol Support (DPC/FMi)
\symboldoperators=\mathgroup6
\symboldletters=\mathgroup7
\symboldsymbols=\mathgroup8
LaTeX Font Info:    Redeclaring math alphabet \mathbf on input line 141.
LaTeX Info: Redefining \bm on input line 207.
)
(c:/texlive/2018/texmf-dist/tex/latex/wrapfig/wrapfig.sty
\wrapoverhang=\dimen187
\WF@size=\dimen188
\c@WF@wrappedlines=\count298
\WF@box=\box59
\WF@everypar=\toks26
Package: wrapfig 2003/01/31  v 3.6
)
(c:/texlive/2018/texmf-dist/tex/latex/algorithms/algorithm.sty
Package: algorithm 2009/08/24 v0.1 Document Style `algorithm' - floating enviro
nment

(c:/texlive/2018/texmf-dist/tex/latex/base/ifthen.sty
Package: ifthen 2014/09/29 v1.1c Standard LaTeX ifthen package (DPC)
)
\@float@every@algorithm=\toks27
\c@algorithm=\count299
)
(c:/texlive/2018/texmf-dist/tex/latex/algorithmicx/algpseudocode.sty
Package: algpseudocode 

(c:/texlive/2018/texmf-dist/tex/latex/algorithmicx/algorithmicx.sty
Package: algorithmicx 2005/04/27 v1.2 Algorithmicx

Document Style algorithmicx 1.2 - a greatly improved `algorithmic' style
\c@ALG@line=\count300
\c@ALG@rem=\count301
\c@ALG@nested=\count302
\ALG@tlm=\skip75
\ALG@thistlm=\skip76
\c@ALG@Lnr=\count303
\c@ALG@blocknr=\count304
\c@ALG@storecount=\count305
\c@ALG@tmpcounter=\count306
\ALG@tmplength=\skip77
)
Document Style - pseudocode environments for use with the `algorithmicx' style
) (c:/texlive/2018/texmf-dist/tex/latex/mathtools/mathtools.sty
Package: mathtools 2018/01/08 v1.21 mathematical typesetting tools

(c:/texlive/2018/texmf-dist/tex/latex/mathtools/mhsetup.sty
Package: mhsetup 2017/03/31 v1.3 programming setup (MH)
)
LaTeX Info: Thecontrolsequence`\('isalreadyrobust on input line 129.
LaTeX Info: Thecontrolsequence`\)'isalreadyrobust on input line 129.
LaTeX Info: Thecontrolsequence`\['isalreadyrobust on input line 129.
LaTeX Info: Thecontrolsequence`\]'isalreadyrobust on input line 129.
\g_MT_multlinerow_int=\count307
\l_MT_multwidth_dim=\dimen189
\origjot=\skip78
\l_MT_shortvdotswithinadjustabove_dim=\dimen190
\l_MT_shortvdotswithinadjustbelow_dim=\dimen191
\l_MT_above_intertext_sep=\dimen192
\l_MT_below_intertext_sep=\dimen193
\l_MT_above_shortintertext_sep=\dimen194
\l_MT_below_shortintertext_sep=\dimen195
)
(c:/texlive/2018/texmf-dist/tex/latex/commath/commath.sty)
(c:/texlive/2018/texmf-dist/tex/latex/placeins/placeins.sty
Package: placeins 2005/04/18  v 2.2
)
(c:/texlive/2018/texmf-dist/tex/latex/csquotes/csquotes.sty
Package: csquotes 2018/04/13 v5.2d context-sensitive quotations (JAW)

(c:/texlive/2018/texmf-dist/tex/latex/etoolbox/etoolbox.sty
Package: etoolbox 2018/08/19 v2.5f e-TeX tools for LaTeX (JAW)
\etb@tempcnta=\count308
)
\csq@reset=\count309
\csq@gtype=\count310
\csq@glevel=\count311
\csq@qlevel=\count312
\csq@maxlvl=\count313
\csq@tshold=\count314
\csq@ltx@everypar=\toks28

(c:/texlive/2018/texmf-dist/tex/latex/csquotes/csquotes.def
File: csquotes.def 2018/04/13 v5.2d csquotes generic definitions (JAW)
)
Package csquotes Info: Trying to load configuration file 'csquotes.cfg'...
Package csquotes Info: ... configuration file loaded successfully.

(c:/texlive/2018/texmf-dist/tex/latex/csquotes/csquotes.cfg
File: csquotes.cfg 
))
(c:/texlive/2018/texmf-dist/tex/latex/hyperref/hyperref.sty
Package: hyperref 2018/11/30 v6.88e Hypertext links for LaTeX

(c:/texlive/2018/texmf-dist/tex/generic/oberdiek/hobsub-hyperref.sty
Package: hobsub-hyperref 2016/05/16 v1.14 Bundle oberdiek, subset hyperref (HO)


(c:/texlive/2018/texmf-dist/tex/generic/oberdiek/hobsub-generic.sty
Package: hobsub-generic 2016/05/16 v1.14 Bundle oberdiek, subset generic (HO)
Package: hobsub 2016/05/16 v1.14 Construct package bundles (HO)
Package: infwarerr 2016/05/16 v1.4 Providing info/warning/error messages (HO)
Package: ltxcmds 2016/05/16 v1.23 LaTeX kernel commands for general use (HO)
Package: ifluatex 2016/05/16 v1.4 Provides the ifluatex switch (HO)
Package ifluatex Info: LuaTeX not detected.
Package hobsub Info: Skipping package `ifvtex' (already loaded).
Package: intcalc 2016/05/16 v1.2 Expandable calculations with integers (HO)
Package hobsub Info: Skipping package `ifpdf' (already loaded).
Package: etexcmds 2016/05/16 v1.6 Avoid name clashes with e-TeX commands (HO)
Package etexcmds Info: Could not find \expanded.
(etexcmds)             That can mean that you are not using pdfTeX 1.50 or
(etexcmds)             that some package has redefined \expanded.
(etexcmds)             In the latter case, load this package earlier.
Package: kvsetkeys 2016/05/16 v1.17 Key value parser (HO)
Package: kvdefinekeys 2016/05/16 v1.4 Define keys (HO)
Package: pdftexcmds 2018/09/10 v0.29 Utility functions of pdfTeX for LuaTeX (HO
)
Package pdftexcmds Info: LuaTeX not detected.
Package pdftexcmds Info: \pdf@primitive is available.
Package pdftexcmds Info: \pdf@ifprimitive is available.
Package pdftexcmds Info: \pdfdraftmode found.
Package: pdfescape 2016/05/16 v1.14 Implements pdfTeX's escape features (HO)
Package: bigintcalc 2016/05/16 v1.4 Expandable calculations on big integers (HO
)
Package: bitset 2016/05/16 v1.2 Handle bit-vector datatype (HO)
Package: uniquecounter 2016/05/16 v1.3 Provide unlimited unique counter (HO)
)
Package hobsub Info: Skipping package `hobsub' (already loaded).
Package: letltxmacro 2016/05/16 v1.5 Let assignment for LaTeX macros (HO)
Package: hopatch 2016/05/16 v1.3 Wrapper for package hooks (HO)
Package: xcolor-patch 2016/05/16 xcolor patch
Package: atveryend 2016/05/16 v1.9 Hooks at the very end of document (HO)
Package: atbegshi 2016/06/09 v1.18 At begin shipout hook (HO)
Package: refcount 2016/05/16 v3.5 Data extraction from label references (HO)
Package: hycolor 2016/05/16 v1.8 Color options for hyperref/bookmark (HO)
)
(c:/texlive/2018/texmf-dist/tex/latex/oberdiek/auxhook.sty
Package: auxhook 2016/05/16 v1.4 Hooks for auxiliary files (HO)
)
(c:/texlive/2018/texmf-dist/tex/latex/oberdiek/kvoptions.sty
Package: kvoptions 2016/05/16 v3.12 Key value format for package options (HO)
)
\@linkdim=\dimen196
\Hy@linkcounter=\count315
\Hy@pagecounter=\count316

(c:/texlive/2018/texmf-dist/tex/latex/hyperref/pd1enc.def
File: pd1enc.def 2018/11/30 v6.88e Hyperref: PDFDocEncoding definition (HO)
Now handling font encoding PD1 ...
... no UTF-8 mapping file for font encoding PD1
)
\Hy@SavedSpaceFactor=\count317

(c:/texlive/2018/texmf-dist/tex/latex/latexconfig/hyperref.cfg
File: hyperref.cfg 2002/06/06 v1.2 hyperref configuration of TeXLive
)
Package hyperref Info: Hyper figures OFF on input line 4519.
Package hyperref Info: Link nesting OFF on input line 4524.
Package hyperref Info: Hyper index ON on input line 4527.
Package hyperref Info: Plain pages OFF on input line 4534.
Package hyperref Info: Backreferencing OFF on input line 4539.
Package hyperref Info: Implicit mode ON; LaTeX internals redefined.
Package hyperref Info: Bookmarks ON on input line 4772.
\c@Hy@tempcnt=\count318

(c:/texlive/2018/texmf-dist/tex/latex/url/url.sty
\Urlmuskip=\muskip17
Package: url 2013/09/16  ver 3.4  Verb mode for urls, etc.
)
LaTeX Info: Redefining \url on input line 5125.
\XeTeXLinkMargin=\dimen197
\Fld@menulength=\count319
\Field@Width=\dimen198
\Fld@charsize=\dimen199
Package hyperref Info: Hyper figures OFF on input line 6380.
Package hyperref Info: Link nesting OFF on input line 6385.
Package hyperref Info: Hyper index ON on input line 6388.
Package hyperref Info: backreferencing OFF on input line 6395.
Package hyperref Info: Link coloring OFF on input line 6400.
Package hyperref Info: Link coloring with OCG OFF on input line 6405.
Package hyperref Info: PDF/A mode OFF on input line 6410.
LaTeX Info: Redefining \ref on input line 6450.
LaTeX Info: Redefining \pageref on input line 6454.
\Hy@abspage=\count320
\c@Item=\count321
\c@Hfootnote=\count322
)
Package hyperref Info: Driver (autodetected): hpdftex.

(c:/texlive/2018/texmf-dist/tex/latex/hyperref/hpdftex.def
File: hpdftex.def 2018/11/30 v6.88e Hyperref driver for pdfTeX
\Fld@listcount=\count323
\c@bookmark@seq@number=\count324

(c:/texlive/2018/texmf-dist/tex/latex/oberdiek/rerunfilecheck.sty
Package: rerunfilecheck 2016/05/16 v1.8 Rerun checks for auxiliary files (HO)
Package uniquecounter Info: New unique counter `rerunfilecheck' on input line 2
82.
)
\Hy@SectionHShift=\skip79
)
(c:/texlive/2018/texmf-dist/tex/latex/comment/comment.sty
\CommentStream=\write3

Excluding comment 'comment') (./usercommands.tex)
Package csquotes Info: Checking for multilingual support...
Package csquotes Info: ... none found.
 (./phddisertation.aux
(./rpititle-phd.aux) (./rpiack.aux) (./rpiabs.aux)
(./chapters/Introduction/Introduction.aux)
(./chapters/LES/numerical_discretization.aux) (./chapters/VMS_EE/VMS_EE.aux)
(./chapters/adapt_strat/Adapt_St.aux

LaTeX Warning: Label `table:summary_cases' multiply defined.

) (./chapters/zonal_adapt_results/zonal_adapt_results.aux

LaTeX Warning: Label `fig:Mza3_100_sp_psi150' multiply defined.


LaTeX Warning: Label `sub@fig:Mza3_100_sp_psi150' multiply defined.


LaTeX Warning: Label `fig:Mza3_100_sp_psi180' multiply defined.


LaTeX Warning: Label `sub@fig:Mza3_100_sp_psi180' multiply defined.


LaTeX Warning: Label `fig:Mza3_100_sp_psi240' multiply defined.


LaTeX Warning: Label `sub@fig:Mza3_100_sp_psi240' multiply defined.

) (./rpiapp.aux))
\openout1 = `phddisertation.aux'.

LaTeX Font Info:    Checking defaults for OML/cmm/m/it on input line 56.
LaTeX Font Info:    ... okay on input line 56.
LaTeX Font Info:    Checking defaults for T1/cmr/m/n on input line 56.
LaTeX Font Info:    ... okay on input line 56.
LaTeX Font Info:    Checking defaults for OT1/cmr/m/n on input line 56.
LaTeX Font Info:    ... okay on input line 56.
LaTeX Font Info:    Checking defaults for OMS/cmsy/m/n on input line 56.
LaTeX Font Info:    ... okay on input line 56.
LaTeX Font Info:    Checking defaults for OMX/cmex/m/n on input line 56.
LaTeX Font Info:    ... okay on input line 56.
LaTeX Font Info:    Checking defaults for U/cmr/m/n on input line 56.
LaTeX Font Info:    ... okay on input line 56.
LaTeX Font Info:    Checking defaults for PD1/pdf/m/n on input line 56.
LaTeX Font Info:    ... okay on input line 56.

(c:/texlive/2018/texmf-dist/tex/context/base/mkii/supp-pdf.mkii
[Loading MPS to PDF converter (version 2006.09.02).]
\scratchcounter=\count325
\scratchdimen=\dimen256
\scratchbox=\box60
\nofMPsegments=\count326
\nofMParguments=\count327
\everyMPshowfont=\toks29
\MPscratchCnt=\count328
\MPscratchDim=\dimen257
\MPnumerator=\count329
\makeMPintoPDFobject=\count330
\everyMPtoPDFconversion=\toks30
) (c:/texlive/2018/texmf-dist/tex/latex/oberdiek/epstopdf-base.sty
Package: epstopdf-base 2016/05/15 v2.6 Base part for package epstopdf

(c:/texlive/2018/texmf-dist/tex/latex/oberdiek/grfext.sty
Package: grfext 2016/05/16 v1.2 Manage graphics extensions (HO)
)
Package epstopdf-base Info: Redefining graphics rule for `.eps' on input line 4
38.
Package grfext Info: Graphics extension search list:
(grfext)             [.pdf,.png,.jpg,.mps,.jpeg,.jbig2,.jb2,.PDF,.PNG,.JPG,.JPE
G,.JBIG2,.JB2,.eps]
(grfext)             \AppendGraphicsExtensions on input line 456.

(c:/texlive/2018/texmf-dist/tex/latex/latexconfig/epstopdf-sys.cfg
File: epstopdf-sys.cfg 2010/07/13 v1.3 Configuration of (r)epstopdf for TeX Liv
e
))
*geometry* driver: auto-detecting
*geometry* detected driver: pdftex
*geometry* verbose mode - [ preamble ] result:
* driver: pdftex
* paper: <default>
* layout: <same size as paper>
* layoutoffset:(h,v)=(0.0pt,0.0pt)
* modes: 
* h-part:(L,W,R)=(72.26999pt, 469.75502pt, 72.26999pt)
* v-part:(T,H,B)=(72.26999pt, 650.43001pt, 72.26999pt)
* \paperwidth=614.295pt
* \paperheight=794.96999pt
* \textwidth=469.75502pt
* \textheight=650.43001pt
* \oddsidemargin=0.0pt
* \evensidemargin=0.0pt
* \topmargin=-37.0pt
* \headheight=12.0pt
* \headsep=25.0pt
* \topskip=12.0pt
* \footskip=30.0pt
* \marginparwidth=44.0pt
* \marginparsep=10.0pt
* \columnsep=10.0pt
* \skip\footins=10.8pt plus 4.0pt minus 2.0pt
* \hoffset=0.0pt
* \voffset=0.0pt
* \mag=1000
* \@twocolumnfalse
* \@twosidefalse
* \@mparswitchfalse
* \@reversemarginfalse
* (1in=72.27pt=25.4mm, 1cm=28.453pt)

Package caption Info: Begin \AtBeginDocument code.
Package caption Info: hyperref package is loaded.
Package caption Info: longtable package is loaded.
(c:/texlive/2018/texmf-dist/tex/latex/caption/ltcaption.sty
Package: ltcaption 2018/08/26 v1.4-95 longtable captions (AR)
)
Package caption Info: wrapfig package is loaded.
Package caption Info: End \AtBeginDocument code.

Package chemgreek Info: Activating mapping `default' on line 56.

Now handling font encoding TS1 ...
... processing UTF-8 mapping file for font encoding TS1

(c:/texlive/2018/texmf-dist/tex/latex/base/ts1enc.dfu
File: ts1enc.dfu 2018/10/05 v1.2f UTF-8 support for inputenc
   defining Unicode char U+00A2 (decimal 162)
   defining Unicode char U+00A3 (decimal 163)
   defining Unicode char U+00A4 (decimal 164)
   defining Unicode char U+00A5 (decimal 165)
   defining Unicode char U+00A6 (decimal 166)
   defining Unicode char U+00A7 (decimal 167)
   defining Unicode char U+00A8 (decimal 168)
   defining Unicode char U+00A9 (decimal 169)
   defining Unicode char U+00AA (decimal 170)
   defining Unicode char U+00AC (decimal 172)
   defining Unicode char U+00AE (decimal 174)
   defining Unicode char U+00AF (decimal 175)
   defining Unicode char U+00B0 (decimal 176)
   defining Unicode char U+00B1 (decimal 177)
   defining Unicode char U+00B2 (decimal 178)
   defining Unicode char U+00B3 (decimal 179)
   defining Unicode char U+00B4 (decimal 180)
   defining Unicode char U+00B5 (decimal 181)
   defining Unicode char U+00B6 (decimal 182)
   defining Unicode char U+00B7 (decimal 183)
   defining Unicode char U+00B9 (decimal 185)
   defining Unicode char U+00BA (decimal 186)
   defining Unicode char U+00BC (decimal 188)
   defining Unicode char U+00BD (decimal 189)
   defining Unicode char U+00BE (decimal 190)
   defining Unicode char U+00D7 (decimal 215)
   defining Unicode char U+00F7 (decimal 247)
   defining Unicode char U+0192 (decimal 402)
   defining Unicode char U+02C7 (decimal 711)
   defining Unicode char U+02D8 (decimal 728)
   defining Unicode char U+02DD (decimal 733)
   defining Unicode char U+0E3F (decimal 3647)
   defining Unicode char U+2016 (decimal 8214)
   defining Unicode char U+2020 (decimal 8224)
   defining Unicode char U+2021 (decimal 8225)
   defining Unicode char U+2022 (decimal 8226)
   defining Unicode char U+2030 (decimal 8240)
   defining Unicode char U+2031 (decimal 8241)
   defining Unicode char U+203B (decimal 8251)
   defining Unicode char U+203D (decimal 8253)
   defining Unicode char U+2044 (decimal 8260)
   defining Unicode char U+204E (decimal 8270)
   defining Unicode char U+2052 (decimal 8274)
   defining Unicode char U+20A1 (decimal 8353)
   defining Unicode char U+20A4 (decimal 8356)
   defining Unicode char U+20A6 (decimal 8358)
   defining Unicode char U+20A9 (decimal 8361)
   defining Unicode char U+20AB (decimal 8363)
   defining Unicode char U+20AC (decimal 8364)
   defining Unicode char U+20B1 (decimal 8369)
   defining Unicode char U+2103 (decimal 8451)
   defining Unicode char U+2116 (decimal 8470)
   defining Unicode char U+2117 (decimal 8471)
   defining Unicode char U+211E (decimal 8478)
   defining Unicode char U+2120 (decimal 8480)
   defining Unicode char U+2122 (decimal 8482)
   defining Unicode char U+2126 (decimal 8486)
   defining Unicode char U+2127 (decimal 8487)
   defining Unicode char U+212E (decimal 8494)
   defining Unicode char U+2190 (decimal 8592)
   defining Unicode char U+2191 (decimal 8593)
   defining Unicode char U+2192 (decimal 8594)
   defining Unicode char U+2193 (decimal 8595)
   defining Unicode char U+2329 (decimal 9001)
   defining Unicode char U+232A (decimal 9002)
   defining Unicode char U+2422 (decimal 9250)
   defining Unicode char U+25E6 (decimal 9702)
   defining Unicode char U+25EF (decimal 9711)
   defining Unicode char U+266A (decimal 9834)
   defining Unicode char U+FEFF (decimal 65279)
)
(c:/texlive/2018/texmf-dist/tex/latex/translator/translator-basic-dictionary-En
glish.dict
Dictionary: translator-basic-dictionary, Language: English 
)
(c:/texlive/2018/texmf-dist/tex/latex/siunitx/siunitx-abbreviations.cfg
File: siunitx-abbreviations.cfg 2017/11/26 v2.7k siunitx: Abbreviated units
)
\AtBeginShipoutBox=\box61
Package hyperref Info: Link coloring OFF on input line 56.

(c:/texlive/2018/texmf-dist/tex/latex/hyperref/nameref.sty
Package: nameref 2016/05/21 v2.44 Cross-referencing by name of section

(c:/texlive/2018/texmf-dist/tex/generic/oberdiek/gettitlestring.sty
Package: gettitlestring 2016/05/16 v1.5 Cleanup title references (HO)
)
\c@section@level=\count331
)
LaTeX Info: Redefining \ref on input line 56.
LaTeX Info: Redefining \pageref on input line 56.
LaTeX Info: Redefining \nameref on input line 56.

(./phddisertation.out) (./phddisertation.out)
\@outlinefile=\write4
\openout4 = `phddisertation.out'.

LaTeX Font Info:    Try loading font information for U+msa on input line 56.

(c:/texlive/2018/texmf-dist/tex/latex/amsfonts/umsa.fd
File: umsa.fd 2013/01/14 v3.01 AMS symbols A
)
LaTeX Font Info:    Try loading font information for U+msb on input line 56.

(c:/texlive/2018/texmf-dist/tex/latex/amsfonts/umsb.fd
File: umsb.fd 2013/01/14 v3.01 AMS symbols B
)
\openout2 = `rpititle-phd.aux'.

 (./rpititle-phd.tex
<rpi_seal.png, id=152, 158.84344pt x 158.09062pt>
File: rpi_seal.png Graphic file (type png)
<use rpi_seal.png>
Package pdftex.def Info: rpi_seal.png  used on input line 37.
(pdftex.def)             Requested size: 117.43875pt x 116.8863pt.

[1


{c:/texlive/2018/texmf-var/fonts/map/pdftex/updmap/pdftex.map} <./rpi_seal.png>
]
LaTeX Font Info:    Try loading font information for OMS+cmr on input line 38.
 (c:/texlive/2018/texmf-dist/tex/latex/base/omscmr.fd
File: omscmr.fd 2014/09/29 v2.5h Standard LaTeX font definitions
)
LaTeX Font Info:    Font shape `OMS/cmr/m/n' in size <12> not available
(Font)              Font shape `OMS/cmsy/m/n' tried instead on input line 38.
 [2]
(./phddisertation.toc [3


])
\tf@toc=\write5
\openout5 = `phddisertation.toc'.

 [4] (./phddisertation.lot)
\tf@lot=\write6
\openout6 = `phddisertation.lot'.

 [5


] (./phddisertation.lof
Overfull \hbox (7.74702pt too wide) in paragraph at lines 9--9
 \OT1/cmr/m/n/12 (green line with open tri-an-gles), 200,000 (red line with clo
sed cir-cles) and 1,000,000 
 []

[6


])
\tf@lof=\write7
\openout7 = `phddisertation.lof'.

) [7]
\openout2 = `rpiack.aux'.

 (./rpiack.tex) [8




]
\openout2 = `rpiabs.aux'.

 (./rpiabs.tex) [9




]
\openout2 = `chapters/Introduction/Introduction.aux'.


(./chapters/Introduction/Introduction.tex
CHAPTER 1.
) [1



]
\openout2 = `chapters/LES/numerical_discretization.aux'.

 (./chapters/LES/numerical_discretization.tex
CHAPTER 2.
(./chapters/LES/LES.tex [2



] [3] [4] [5]) (./chapters/LES/dynProc.tex [6]
<figures/Setup/localization_grid.pdf, id=379, 588.7596pt x 366.16798pt>
File: figures/Setup/localization_grid.pdf Graphic file (type pdf)
<use figures/Setup/localization_grid.pdf>
Package pdftex.def Info: figures/Setup/localization_grid.pdf  used on input lin
e 43.
(pdftex.def)             Requested size: 211.38832pt x 131.46837pt.

[7 <./figures/Setup/localization_grid.pdf>] [8])) [9]
\openout2 = `chapters/VMS_EE/VMS_EE.aux'.


(./chapters/VMS_EE/VMS_EE.tex
CHAPTER 3.
[10



] [11] (./chapters/VMS_EE/Formulation1D.tex [12] [13])
(./chapters/VMS_EE/App_toNS.tex [14]) (./chapters/VMS_EE/App_toPeriodic.tex))
[15]
\openout2 = `chapters/adapt_strat/Adapt_St.aux'.

 (./chapters/adapt_strat/Adapt_St.tex
CHAPTER 4.
(./chapters/adapt_strat/baseline_results.tex
<figures/Setup/Setup.png, id=493, 549.55313pt x 185.19188pt>
File: figures/Setup/Setup.png Graphic file (type png)
<use figures/Setup/Setup.png>
Package pdftex.def Info: figures/Setup/Setup.png  used on input line 10.
(pdftex.def)             Requested size: 375.80544pt x 126.64372pt.
 [16



 <./figures/Setup/Setup.png>]
[17]
<figures/Setup/mesh_screenshot.pdf, id=513, 1352.66353pt x 1000.38342pt>
File: figures/Setup/mesh_screenshot.pdf Graphic file (type pdf)
<use figures/Setup/mesh_screenshot.pdf>
Package pdftex.def Info: figures/Setup/mesh_screenshot.pdf  used on input line 
85.
(pdftex.def)             Requested size: 328.82707pt x 243.18037pt.


pdfTeX warning: pdflatex.exe (file ./figures/Setup/mesh_LE.pdf): PDF inclusion:
 found PDF version <1.7>, but at most version <1.5> allowed
<figures/Setup/mesh_LE.pdf, id=514, 6393.33563pt x 3690.32706pt>
File: figures/Setup/mesh_LE.pdf Graphic file (type pdf)
<use figures/Setup/mesh_LE.pdf>
Package pdftex.def Info: figures/Setup/mesh_LE.pdf  used on input line 92.
(pdftex.def)             Requested size: 211.38832pt x 121.967pt.


pdfTeX warning: pdflatex.exe (file ./figures/Setup/mesh_TE.pdf): PDF inclusion:
 found PDF version <1.7>, but at most version <1.5> allowed
<figures/Setup/mesh_TE.pdf, id=515, 6393.33563pt x 3690.32706pt>
File: figures/Setup/mesh_TE.pdf Graphic file (type pdf)
<use figures/Setup/mesh_TE.pdf>
Package pdftex.def Info: figures/Setup/mesh_TE.pdf  used on input line 93.
(pdftex.def)             Requested size: 211.38832pt x 121.967pt.
[18 <./figures/Setup/mesh_screenshot.pdf>]
<figures/lift_Re_effect_lambda_1pt0.pdf, id=526, 421.575pt x 316.18124pt>
File: figures/lift_Re_effect_lambda_1pt0.pdf Graphic file (type pdf)
<use figures/lift_Re_effect_lambda_1pt0.pdf>
Package pdftex.def Info: figures/lift_Re_effect_lambda_1pt0.pdf  used on input 
line 102.
(pdftex.def)             Requested size: 234.8775pt x 176.1581pt.
<figures/lift_Re_effect_lambda_1pt2.pdf, id=527, 421.575pt x 316.18124pt>
File: figures/lift_Re_effect_lambda_1pt2.pdf Graphic file (type pdf)
<use figures/lift_Re_effect_lambda_1pt2.pdf>
Package pdftex.def Info: figures/lift_Re_effect_lambda_1pt2.pdf  used on input 
line 107.
(pdftex.def)             Requested size: 234.8775pt x 176.1581pt.

Overfull \hbox (2.61107pt too wide) in paragraph at lines 101--111
[]$[]$ $[]$ 
 []

[19 <./figures/Setup/mesh_LE.pdf> <./figures/Setup/mesh_TE.pdf> <./figures/lift
_Re_effect_lambda_1pt0.pdf> <./figures/lift_Re_effect_lambda_1pt2.pdf>]
<figures/vorticity_plots/Re_40k_1pt0/phase_195.png, id=558, 1789.68625pt x 1302
.8675pt>
File: figures/vorticity_plots/Re_40k_1pt0/phase_195.png Graphic file (type png)

<use figures/vorticity_plots/Re_40k_1pt0/phase_195.png>
Package pdftex.def Info: figures/vorticity_plots/Re_40k_1pt0/phase_195.png  use
d on input line 151.
(pdftex.def)             Requested size: 150.32504pt x 109.42024pt.
<figures/vorticity_plots/Re_200k_1pt0/phase_195.png, id=559, 1789.68625pt x 130
2.8675pt>
File: figures/vorticity_plots/Re_200k_1pt0/phase_195.png Graphic file (type png
)
<use figures/vorticity_plots/Re_200k_1pt0/phase_195.png>
Package pdftex.def Info: figures/vorticity_plots/Re_200k_1pt0/phase_195.png  us
ed on input line 157.
(pdftex.def)             Requested size: 150.32504pt x 109.42024pt.
<figures/vorticity_plots/Re_1m_1pt0/phase_195.png, id=560, 1789.68625pt x 1302.
8675pt>
File: figures/vorticity_plots/Re_1m_1pt0/phase_195.png Graphic file (type png)
<use figures/vorticity_plots/Re_1m_1pt0/phase_195.png>
Package pdftex.def Info: figures/vorticity_plots/Re_1m_1pt0/phase_195.png  used
 on input line 163.
(pdftex.def)             Requested size: 150.32504pt x 109.42024pt.
<figures/vorticity_plots/Re_40k_1pt0/phase_225.png, id=561, 1789.68625pt x 1302
.8675pt>
File: figures/vorticity_plots/Re_40k_1pt0/phase_225.png Graphic file (type png)

<use figures/vorticity_plots/Re_40k_1pt0/phase_225.png>
Package pdftex.def Info: figures/vorticity_plots/Re_40k_1pt0/phase_225.png  use
d on input line 170.
(pdftex.def)             Requested size: 150.32504pt x 109.42024pt.
<figures/vorticity_plots/Re_200k_1pt0/phase_225.png, id=562, 1789.68625pt x 130
2.8675pt>
File: figures/vorticity_plots/Re_200k_1pt0/phase_225.png Graphic file (type png
)
<use figures/vorticity_plots/Re_200k_1pt0/phase_225.png>
Package pdftex.def Info: figures/vorticity_plots/Re_200k_1pt0/phase_225.png  us
ed on input line 176.
(pdftex.def)             Requested size: 150.32504pt x 109.42024pt.
<figures/vorticity_plots/Re_1m_1pt0/phase_225.png, id=563, 1789.68625pt x 1302.
8675pt>
File: figures/vorticity_plots/Re_1m_1pt0/phase_225.png Graphic file (type png)
<use figures/vorticity_plots/Re_1m_1pt0/phase_225.png>
Package pdftex.def Info: figures/vorticity_plots/Re_1m_1pt0/phase_225.png  used
 on input line 182.
(pdftex.def)             Requested size: 150.32504pt x 109.42024pt.
<figures/vorticity_plots/Re_40k_1pt0/phase_270.png, id=564, 1789.68625pt x 1302
.8675pt>
File: figures/vorticity_plots/Re_40k_1pt0/phase_270.png Graphic file (type png)

<use figures/vorticity_plots/Re_40k_1pt0/phase_270.png>
Package pdftex.def Info: figures/vorticity_plots/Re_40k_1pt0/phase_270.png  use
d on input line 189.
(pdftex.def)             Requested size: 150.32504pt x 109.42024pt.
<figures/vorticity_plots/Re_200k_1pt0/phase_270.png, id=565, 1789.68625pt x 130
2.8675pt>
File: figures/vorticity_plots/Re_200k_1pt0/phase_270.png Graphic file (type png
)
<use figures/vorticity_plots/Re_200k_1pt0/phase_270.png>
Package pdftex.def Info: figures/vorticity_plots/Re_200k_1pt0/phase_270.png  us
ed on input line 195.
(pdftex.def)             Requested size: 150.32504pt x 109.42024pt.
<figures/vorticity_plots/Re_1m_1pt0/phase_270.png, id=566, 1789.68625pt x 1302.
8675pt>
File: figures/vorticity_plots/Re_1m_1pt0/phase_270.png Graphic file (type png)
<use figures/vorticity_plots/Re_1m_1pt0/phase_270.png>
Package pdftex.def Info: figures/vorticity_plots/Re_1m_1pt0/phase_270.png  used
 on input line 201.
(pdftex.def)             Requested size: 150.32504pt x 109.42024pt.
<figures/vorticity_plots/Re_40k_1pt0/phase_330.png, id=567, 1789.68625pt x 1302
.8675pt>
File: figures/vorticity_plots/Re_40k_1pt0/phase_330.png Graphic file (type png)

<use figures/vorticity_plots/Re_40k_1pt0/phase_330.png>
Package pdftex.def Info: figures/vorticity_plots/Re_40k_1pt0/phase_330.png  use
d on input line 208.
(pdftex.def)             Requested size: 150.32504pt x 109.42024pt.
<figures/vorticity_plots/Re_200k_1pt0/phase_330.png, id=568, 1789.68625pt x 130
2.8675pt>
File: figures/vorticity_plots/Re_200k_1pt0/phase_330.png Graphic file (type png
)
<use figures/vorticity_plots/Re_200k_1pt0/phase_330.png>
Package pdftex.def Info: figures/vorticity_plots/Re_200k_1pt0/phase_330.png  us
ed on input line 214.
(pdftex.def)             Requested size: 150.32504pt x 109.42024pt.
<figures/vorticity_plots/Re_1m_1pt0/phase_330.png, id=569, 1789.68625pt x 1302.
8675pt>
File: figures/vorticity_plots/Re_1m_1pt0/phase_330.png Graphic file (type png)
<use figures/vorticity_plots/Re_1m_1pt0/phase_330.png>
Package pdftex.def Info: figures/vorticity_plots/Re_1m_1pt0/phase_330.png  used
 on input line 220.
(pdftex.def)             Requested size: 150.32504pt x 109.42024pt.

[20] [21 <./figures/vorticity_plots/Re_40k_1pt0/phase_195.png (PNG copy)> <./fi
gures/vorticity_plots/Re_200k_1pt0/phase_195.png (PNG copy)> <./figures/vortici
ty_plots/Re_1m_1pt0/phase_195.png (PNG copy)> <./figures/vorticity_plots/Re_40k
_1pt0/phase_225.png (PNG copy)> <./figures/vorticity_plots/Re_200k_1pt0/phase_2
25.png (PNG copy)> <./figures/vorticity_plots/Re_1m_1pt0/phase_225.png (PNG cop
y)> <./figures/vorticity_plots/Re_40k_1pt0/phase_270.png (PNG copy)> <./figures
/vorticity_plots/Re_200k_1pt0/phase_270.png (PNG copy)> <./figures/vorticity_pl
ots/Re_1m_1pt0/phase_270.png (PNG copy)> <./figures/vorticity_plots/Re_40k_1pt0
/phase_330.png (PNG copy)> <./figures/vorticity_plots/Re_200k_1pt0/phase_330.pn
g (PNG copy)> <./figures/vorticity_plots/Re_1m_1pt0/phase_330.png (PNG copy)>]
[22]
<figures/vorticity_plots/Re_40k_1pt2/phase_225.png, id=592, 1789.68625pt x 1302
.8675pt>
File: figures/vorticity_plots/Re_40k_1pt2/phase_225.png Graphic file (type png)

<use figures/vorticity_plots/Re_40k_1pt2/phase_225.png>
Package pdftex.def Info: figures/vorticity_plots/Re_40k_1pt2/phase_225.png  use
d on input line 268.
(pdftex.def)             Requested size: 150.32504pt x 109.42024pt.
<figures/vorticity_plots/Re_200k_1pt2/phase_225.png, id=593, 1789.68625pt x 130
2.8675pt>
File: figures/vorticity_plots/Re_200k_1pt2/phase_225.png Graphic file (type png
)
<use figures/vorticity_plots/Re_200k_1pt2/phase_225.png>
Package pdftex.def Info: figures/vorticity_plots/Re_200k_1pt2/phase_225.png  us
ed on input line 274.
(pdftex.def)             Requested size: 150.32504pt x 109.42024pt.
<figures/vorticity_plots/Re_1m_1pt2/phase_225.png, id=594, 1789.68625pt x 1302.
8675pt>
File: figures/vorticity_plots/Re_1m_1pt2/phase_225.png Graphic file (type png)
<use figures/vorticity_plots/Re_1m_1pt2/phase_225.png>
Package pdftex.def Info: figures/vorticity_plots/Re_1m_1pt2/phase_225.png  used
 on input line 280.
(pdftex.def)             Requested size: 150.32504pt x 109.42024pt.
<figures/vorticity_plots/Re_40k_1pt2/phase_270.png, id=595, 1789.68625pt x 1302
.8675pt>
File: figures/vorticity_plots/Re_40k_1pt2/phase_270.png Graphic file (type png)

<use figures/vorticity_plots/Re_40k_1pt2/phase_270.png>
Package pdftex.def Info: figures/vorticity_plots/Re_40k_1pt2/phase_270.png  use
d on input line 287.
(pdftex.def)             Requested size: 150.32504pt x 109.42024pt.
<figures/vorticity_plots/Re_200k_1pt2/phase_270.png, id=596, 1789.68625pt x 130
2.8675pt>
File: figures/vorticity_plots/Re_200k_1pt2/phase_270.png Graphic file (type png
)
<use figures/vorticity_plots/Re_200k_1pt2/phase_270.png>
Package pdftex.def Info: figures/vorticity_plots/Re_200k_1pt2/phase_270.png  us
ed on input line 293.
(pdftex.def)             Requested size: 150.32504pt x 109.42024pt.
<figures/vorticity_plots/Re_1m_1pt2/phase_270.png, id=597, 1789.68625pt x 1302.
8675pt>
File: figures/vorticity_plots/Re_1m_1pt2/phase_270.png Graphic file (type png)
<use figures/vorticity_plots/Re_1m_1pt2/phase_270.png>
Package pdftex.def Info: figures/vorticity_plots/Re_1m_1pt2/phase_270.png  used
 on input line 299.
(pdftex.def)             Requested size: 150.32504pt x 109.42024pt.
<figures/vorticity_plots/Re_40k_1pt2/phase_330.png, id=598, 1789.68625pt x 1302
.8675pt>
File: figures/vorticity_plots/Re_40k_1pt2/phase_330.png Graphic file (type png)

<use figures/vorticity_plots/Re_40k_1pt2/phase_330.png>
Package pdftex.def Info: figures/vorticity_plots/Re_40k_1pt2/phase_330.png  use
d on input line 306.
(pdftex.def)             Requested size: 150.32504pt x 109.42024pt.
<figures/vorticity_plots/Re_200k_1pt2/phase_330.png, id=599, 1789.68625pt x 130
2.8675pt>
File: figures/vorticity_plots/Re_200k_1pt2/phase_330.png Graphic file (type png
)
<use figures/vorticity_plots/Re_200k_1pt2/phase_330.png>
Package pdftex.def Info: figures/vorticity_plots/Re_200k_1pt2/phase_330.png  us
ed on input line 312.
(pdftex.def)             Requested size: 150.32504pt x 109.42024pt.
<figures/vorticity_plots/Re_1m_1pt2/phase_330.png, id=600, 1789.68625pt x 1302.
8675pt>
File: figures/vorticity_plots/Re_1m_1pt2/phase_330.png Graphic file (type png)
<use figures/vorticity_plots/Re_1m_1pt2/phase_330.png>
Package pdftex.def Info: figures/vorticity_plots/Re_1m_1pt2/phase_330.png  used
 on input line 318.
(pdftex.def)             Requested size: 150.32504pt x 109.42024pt.
 [23 <./figures/vorticity_plots/Re_40k_1pt2/phase_225.png (PNG copy)> <./figure
s/vorticity_plots/Re_200k_1pt2/phase_225.png (PNG copy)> <./figures/vorticity_p
lots/Re_1m_1pt2/phase_225.png (PNG copy)> <./figures/vorticity_plots/Re_40k_1pt
2/phase_270.png (PNG copy)> <./figures/vorticity_plots/Re_200k_1pt2/phase_270.p
ng (PNG copy)> <./figures/vorticity_plots/Re_1m_1pt2/phase_270.png (PNG copy)> 
<./figures/vorticity_plots/Re_40k_1pt2/phase_330.png (PNG copy)> <./figures/vor
ticity_plots/Re_200k_1pt2/phase_330.png (PNG copy)> <./figures/vorticity_plots/
Re_1m_1pt2/phase_330.png (PNG copy)>] [24]
<figures/LEV_size_lambda_1pt0.pdf, id=611, 421.575pt x 316.18124pt>
File: figures/LEV_size_lambda_1pt0.pdf Graphic file (type pdf)
<use figures/LEV_size_lambda_1pt0.pdf>
Package pdftex.def Info: figures/LEV_size_lambda_1pt0.pdf  used on input line 3
63.
(pdftex.def)             Requested size: 234.8775pt x 176.1581pt.
<figures/LEV_size_lambda_1pt2.pdf, id=612, 421.575pt x 316.18124pt>
File: figures/LEV_size_lambda_1pt2.pdf Graphic file (type pdf)
<use figures/LEV_size_lambda_1pt2.pdf>
Package pdftex.def Info: figures/LEV_size_lambda_1pt2.pdf  used on input line 3
68.
(pdftex.def)             Requested size: 234.8775pt x 176.1581pt.

Overfull \hbox (2.61107pt too wide) in paragraph at lines 362--372
[]$[]$ $[]$ 
 []

<figures/LEV_location_lambda_1pt0.pdf, id=614, 421.575pt x 316.18124pt>
File: figures/LEV_location_lambda_1pt0.pdf Graphic file (type pdf)
<use figures/LEV_location_lambda_1pt0.pdf>
Package pdftex.def Info: figures/LEV_location_lambda_1pt0.pdf  used on input li
ne 381.
(pdftex.def)             Requested size: 234.8775pt x 176.1581pt.
<figures/LEV_location_lambda_1pt2.pdf, id=615, 421.575pt x 316.18124pt>
File: figures/LEV_location_lambda_1pt2.pdf Graphic file (type pdf)
<use figures/LEV_location_lambda_1pt2.pdf>
Package pdftex.def Info: figures/LEV_location_lambda_1pt2.pdf  used on input li
ne 386.
(pdftex.def)             Requested size: 234.8775pt x 176.1581pt.

Overfull \hbox (2.61107pt too wide) in paragraph at lines 380--390
[]$[]$ $[]$ 
 []

[25 <./figures/LEV_size_lambda_1pt0.pdf> <./figures/LEV_size_lambda_1pt2.pdf>]
(./chapters/adapt_strat/active_camber.tex [26 <./figures/LEV_location_lambda_1p
t0.pdf> <./figures/LEV_location_lambda_1pt2.pdf>]
<figures/U_rel_vs_t_tilde_without_lines.png, id=637, 705.38531pt x 583.42969pt>

File: figures/U_rel_vs_t_tilde_without_lines.png Graphic file (type png)
<use figures/U_rel_vs_t_tilde_without_lines.png>
Package pdftex.def Info: figures/U_rel_vs_t_tilde_without_lines.png  used on in
put line 14.
(pdftex.def)             Requested size: 289.07999pt x 239.10089pt.
 [27 <./figures/U_rel_vs_t_tilde_without_lines.png (PNG copy)>]
<figures/Setup/mesh.png, id=647, 1696.3375pt x 1302.8675pt>
File: figures/Setup/mesh.png Graphic file (type png)
<use figures/Setup/mesh.png>
Package pdftex.def Info: figures/Setup/mesh.png  used on input line 56.
(pdftex.def)             Requested size: 187.89914pt x 144.30988pt.
<figures/Setup/mesh_AC.png, id=648, 1696.3375pt x 1302.8675pt>
File: figures/Setup/mesh_AC.png Graphic file (type png)
<use figures/Setup/mesh_AC.png>
Package pdftex.def Info: figures/Setup/mesh_AC.png  used on input line 62.
(pdftex.def)             Requested size: 187.89914pt x 144.30988pt.
 [28 <./figures/Setup/mesh.png (PNG copy)> <./figures/Setup/mesh_AC.png (PNG co
py)>]
<figures/mu_2pt0/vorticity/baseline/phase_225.png, id=660, 1789.68625pt x 1302.
8675pt>
File: figures/mu_2pt0/vorticity/baseline/phase_225.png Graphic file (type png)
<use figures/mu_2pt0/vorticity/baseline/phase_225.png>
Package pdftex.def Info: figures/mu_2pt0/vorticity/baseline/phase_225.png  used
 on input line 96.
(pdftex.def)             Requested size: 187.89914pt x 136.7753pt.
<figures/mu_2pt0/vorticity/AC/phase_225.png, id=661, 1789.68625pt x 1302.8675pt
>
File: figures/mu_2pt0/vorticity/AC/phase_225.png Graphic file (type png)
<use figures/mu_2pt0/vorticity/AC/phase_225.png>
Package pdftex.def Info: figures/mu_2pt0/vorticity/AC/phase_225.png  used on in
put line 102.
(pdftex.def)             Requested size: 187.89914pt x 136.7753pt.
<figures/mu_2pt0/vorticity/baseline/phase_270.png, id=662, 1789.68625pt x 1302.
8675pt>
File: figures/mu_2pt0/vorticity/baseline/phase_270.png Graphic file (type png)
<use figures/mu_2pt0/vorticity/baseline/phase_270.png>
Package pdftex.def Info: figures/mu_2pt0/vorticity/baseline/phase_270.png  used
 on input line 111.
(pdftex.def)             Requested size: 187.89914pt x 136.7753pt.
<figures/mu_2pt0/vorticity/AC/phase_270.png, id=663, 1789.68625pt x 1302.8675pt
>
File: figures/mu_2pt0/vorticity/AC/phase_270.png Graphic file (type png)
<use figures/mu_2pt0/vorticity/AC/phase_270.png>
Package pdftex.def Info: figures/mu_2pt0/vorticity/AC/phase_270.png  used on in
put line 117.
(pdftex.def)             Requested size: 187.89914pt x 136.7753pt.
<figures/mu_2pt0/vorticity/baseline/phase_315.png, id=664, 1789.68625pt x 1302.
8675pt>
File: figures/mu_2pt0/vorticity/baseline/phase_315.png Graphic file (type png)
<use figures/mu_2pt0/vorticity/baseline/phase_315.png>
Package pdftex.def Info: figures/mu_2pt0/vorticity/baseline/phase_315.png  used
 on input line 124.
(pdftex.def)             Requested size: 187.89914pt x 136.7753pt.
<figures/mu_2pt0/vorticity/AC/phase_315.png, id=665, 1789.68625pt x 1302.8675pt
>
File: figures/mu_2pt0/vorticity/AC/phase_315.png Graphic file (type png)
<use figures/mu_2pt0/vorticity/AC/phase_315.png>
Package pdftex.def Info: figures/mu_2pt0/vorticity/AC/phase_315.png  used on in
put line 130.
(pdftex.def)             Requested size: 187.89914pt x 136.7753pt.
<figures/mu_2pt0/vorticity/baseline/phase_345.png, id=666, 1789.68625pt x 1302.
8675pt>
File: figures/mu_2pt0/vorticity/baseline/phase_345.png Graphic file (type png)
<use figures/mu_2pt0/vorticity/baseline/phase_345.png>
Package pdftex.def Info: figures/mu_2pt0/vorticity/baseline/phase_345.png  used
 on input line 137.
(pdftex.def)             Requested size: 187.89914pt x 136.7753pt.
<figures/mu_2pt0/vorticity/AC/phase_345.png, id=667, 1789.68625pt x 1302.8675pt
>
File: figures/mu_2pt0/vorticity/AC/phase_345.png Graphic file (type png)
<use figures/mu_2pt0/vorticity/AC/phase_345.png>
Package pdftex.def Info: figures/mu_2pt0/vorticity/AC/phase_345.png  used on in
put line 143.
(pdftex.def)             Requested size: 187.89914pt x 136.7753pt.
 [29]
Overfull \vbox (17.07114pt too high) has occurred while \output is active []


[30 <./figures/mu_2pt0/vorticity/baseline/phase_225.png (PNG copy)> <./figures/
mu_2pt0/vorticity/AC/phase_225.png (PNG copy)> <./figures/mu_2pt0/vorticity/bas
eline/phase_270.png (PNG copy)> <./figures/mu_2pt0/vorticity/AC/phase_270.png (
PNG copy)> <./figures/mu_2pt0/vorticity/baseline/phase_315.png (PNG copy)> <./f
igures/mu_2pt0/vorticity/AC/phase_315.png (PNG copy)> <./figures/mu_2pt0/vortic
ity/baseline/phase_345.png (PNG copy)> <./figures/mu_2pt0/vorticity/AC/phase_34
5.png (PNG copy)>]
<figures/Zoomed_Drag_tot_NACA0012_Re1m_aoa10_3.png, id=679, 707.2824pt x 518.89
86pt>
File: figures/Zoomed_Drag_tot_NACA0012_Re1m_aoa10_3.png Graphic file (type png)

<use figures/Zoomed_Drag_tot_NACA0012_Re1m_aoa10_3.png>
Package pdftex.def Info: figures/Zoomed_Drag_tot_NACA0012_Re1m_aoa10_3.png  use
d on input line 168.
(pdftex.def)             Requested size: 352.31625pt x 258.4827pt.
 [31 <./figures/Zoomed_Drag_tot_NACA0012_Re1m_aoa10_3.png>])) [32] (./chapters/
adapt_strat/zonal_based.tex [33]
<figures/adapt_strat/M0_mesh.png, id=704, 614.076pt x 343.83pt>
File: figures/adapt_strat/M0_mesh.png Graphic file (type png)
<use figures/adapt_strat/M0_mesh.png>
Package pdftex.def Info: figures/adapt_strat/M0_mesh.png  used on input line 36
.
(pdftex.def)             Requested size: 223.13649pt x 124.93816pt.
<figures/adapt_strat/M0_error_plot.png, id=705, 614.295pt x 343.88475pt>
File: figures/adapt_strat/M0_error_plot.png Graphic file (type png)
<use figures/adapt_strat/M0_error_plot.png>
Package pdftex.def Info: figures/adapt_strat/M0_error_plot.png  used on input l
ine 42.
(pdftex.def)             Requested size: 223.13649pt x 124.91083pt.
<figures/adapt_strat/Mza1_mesh.png, id=706, 614.076pt x 343.83pt>
File: figures/adapt_strat/Mza1_mesh.png Graphic file (type png)
<use figures/adapt_strat/Mza1_mesh.png>
Package pdftex.def Info: figures/adapt_strat/Mza1_mesh.png  used on input line 
48.
(pdftex.def)             Requested size: 223.13649pt x 124.93816pt.
<figures/adapt_strat/Mza1_error_plot.png, id=707, 614.295pt x 343.88475pt>
File: figures/adapt_strat/Mza1_error_plot.png Graphic file (type png)
<use figures/adapt_strat/Mza1_error_plot.png>
Package pdftex.def Info: figures/adapt_strat/Mza1_error_plot.png  used on input
 line 54.
(pdftex.def)             Requested size: 223.13649pt x 124.91083pt.
<figures/adapt_strat/Mza2_mesh.png, id=708, 614.076pt x 343.83pt>
File: figures/adapt_strat/Mza2_mesh.png Graphic file (type png)
<use figures/adapt_strat/Mza2_mesh.png>
Package pdftex.def Info: figures/adapt_strat/Mza2_mesh.png  used on input line 
60.
(pdftex.def)             Requested size: 223.13649pt x 124.93816pt.
<figures/adapt_strat/Mza2_error_plot.png, id=709, 614.295pt x 343.88475pt>
File: figures/adapt_strat/Mza2_error_plot.png Graphic file (type png)
<use figures/adapt_strat/Mza2_error_plot.png>
Package pdftex.def Info: figures/adapt_strat/Mza2_error_plot.png  used on input
 line 66.
(pdftex.def)             Requested size: 223.13649pt x 124.91083pt.
)
(./chapters/adapt_strat/size_based.tex [34 <./figures/adapt_strat/M0_mesh.png> 
<./figures/adapt_strat/M0_error_plot.png> <./figures/adapt_strat/Mza1_mesh.png>
 <./figures/adapt_strat/Mza1_error_plot.png> <./figures/adapt_strat/Mza2_mesh.p
ng> <./figures/adapt_strat/Mza2_error_plot.png>]
<figures/adapt_strat/h_adapt1_mesh.png, id=722, 614.076pt x 343.83pt>
File: figures/adapt_strat/h_adapt1_mesh.png Graphic file (type png)
<use figures/adapt_strat/h_adapt1_mesh.png>
Package pdftex.def Info: figures/adapt_strat/h_adapt1_mesh.png  used on input l
ine 16.
(pdftex.def)             Requested size: 223.13649pt x 124.93816pt.
<figures/adapt_strat/h_adapt1_error_plot.png, id=723, 614.295pt x 343.88475pt>
File: figures/adapt_strat/h_adapt1_error_plot.png Graphic file (type png)
<use figures/adapt_strat/h_adapt1_error_plot.png>
Package pdftex.def Info: figures/adapt_strat/h_adapt1_error_plot.png  used on i
nput line 22.
(pdftex.def)             Requested size: 223.13649pt x 124.91083pt.
) [35 <./figures/adapt_strat/h_adapt1_mesh.png> <./figures/adapt_strat/h_adapt1
_error_plot.png>]
(./chapters/adapt_strat/feature_based.tex
<figures/adapt_strat/FB_mesh.png, id=740, 614.076pt x 345.801pt>
File: figures/adapt_strat/FB_mesh.png Graphic file (type png)
<use figures/adapt_strat/FB_mesh.png>
Package pdftex.def Info: figures/adapt_strat/FB_mesh.png  used on input line 15
.
(pdftex.def)             Requested size: 223.13649pt x 125.65436pt.
<figures/adapt_strat/FB_error_plot.png, id=741, 614.295pt x 343.88475pt>
File: figures/adapt_strat/FB_error_plot.png Graphic file (type png)
<use figures/adapt_strat/FB_error_plot.png>
Package pdftex.def Info: figures/adapt_strat/FB_error_plot.png  used on input l
ine 21.
(pdftex.def)             Requested size: 223.13649pt x 124.91083pt.
) [36]
(./chapters/adapt_strat/Results.tex
<figures/Results/Lift_plot.png, id=751, 526.96875pt x 395.22656pt>
File: figures/Results/Lift_plot.png Graphic file (type png)
<use figures/Results/Lift_plot.png>
Package pdftex.def Info: figures/Results/Lift_plot.png  used on input line 13.
(pdftex.def)             Requested size: 328.82707pt x 246.63002pt.
<figures/Results/Drag_plot.png, id=752, 526.96875pt x 395.22656pt>
File: figures/Results/Drag_plot.png Graphic file (type png)
<use figures/Results/Drag_plot.png>
Package pdftex.def Info: figures/Results/Drag_plot.png  used on input line 19.
(pdftex.def)             Requested size: 328.82707pt x 246.63002pt.
 [37 <./figures/adapt_strat/FB_mesh.png> <./figures/adapt_strat/FB_error_plot.p
ng>] [38 <./figures/Results/Lift_plot.png (PNG copy)> <./figures/Results/Drag_p
lot.png (PNG copy)>]
<figures/vorticity_plots/M0/ph_195.png, id=763, 1921.1775pt x 988.69376pt>
File: figures/vorticity_plots/M0/ph_195.png Graphic file (type png)
<use figures/vorticity_plots/M0/ph_195.png>
Package pdftex.def Info: figures/vorticity_plots/M0/ph_195.png  used on input l
ine 50.
(pdftex.def)             Requested size: 278.92061pt x 143.53041pt.

Overfull \hbox (55.78412pt too wide) in paragraph at lines 50--51
 [][] 
 []

<figures/vorticity_plots/Mza1/ph_195.png, id=764, 1921.1775pt x 988.69376pt>
File: figures/vorticity_plots/Mza1/ph_195.png Graphic file (type png)
<use figures/vorticity_plots/Mza1/ph_195.png>
Package pdftex.def Info: figures/vorticity_plots/Mza1/ph_195.png  used on input
 line 56.
(pdftex.def)             Requested size: 278.92061pt x 143.53041pt.

Overfull \hbox (55.78412pt too wide) in paragraph at lines 56--57
 [][] 
 []

<figures/vorticity_plots/Mza2/ph_195.png, id=765, 1921.1775pt x 988.69376pt>
File: figures/vorticity_plots/Mza2/ph_195.png Graphic file (type png)
<use figures/vorticity_plots/Mza2/ph_195.png>
Package pdftex.def Info: figures/vorticity_plots/Mza2/ph_195.png  used on input
 line 62.
(pdftex.def)             Requested size: 278.92061pt x 143.53041pt.

Overfull \hbox (55.78412pt too wide) in paragraph at lines 62--63
 [][] 
 []

<figures/vorticity_plots/SB/ph_195.png, id=766, 1921.1775pt x 988.69376pt>
File: figures/vorticity_plots/SB/ph_195.png Graphic file (type png)
<use figures/vorticity_plots/SB/ph_195.png>
Package pdftex.def Info: figures/vorticity_plots/SB/ph_195.png  used on input l
ine 68.
(pdftex.def)             Requested size: 278.92061pt x 143.53041pt.

Overfull \hbox (55.78412pt too wide) in paragraph at lines 68--69
 [][] 
 []

<figures/vorticity_plots/FB/ph_195.png, id=767, 1921.1775pt x 988.69376pt>
File: figures/vorticity_plots/FB/ph_195.png Graphic file (type png)
<use figures/vorticity_plots/FB/ph_195.png>
Package pdftex.def Info: figures/vorticity_plots/FB/ph_195.png  used on input l
ine 75.
(pdftex.def)             Requested size: 278.92061pt x 143.53041pt.

Overfull \hbox (55.78412pt too wide) in paragraph at lines 75--76
 [][] 
 []

[39]
<figures/vorticity_plots/M0/ph_210.png, id=772, 1921.1775pt x 988.69376pt>
File: figures/vorticity_plots/M0/ph_210.png Graphic file (type png)
<use figures/vorticity_plots/M0/ph_210.png>
Package pdftex.def Info: figures/vorticity_plots/M0/ph_210.png  used on input l
ine 89.
(pdftex.def)             Requested size: 278.92061pt x 143.53041pt.

Overfull \hbox (55.78412pt too wide) in paragraph at lines 89--90
 [][] 
 []

<figures/vorticity_plots/Mza1/ph_210.png, id=773, 1921.1775pt x 988.69376pt>
File: figures/vorticity_plots/Mza1/ph_210.png Graphic file (type png)
<use figures/vorticity_plots/Mza1/ph_210.png>
Package pdftex.def Info: figures/vorticity_plots/Mza1/ph_210.png  used on input
 line 95.
(pdftex.def)             Requested size: 278.92061pt x 143.53041pt.

Overfull \hbox (55.78412pt too wide) in paragraph at lines 95--96
 [][] 
 []

<figures/vorticity_plots/Mza2/ph_210.png, id=774, 1921.1775pt x 988.69376pt>
File: figures/vorticity_plots/Mza2/ph_210.png Graphic file (type png)
<use figures/vorticity_plots/Mza2/ph_210.png>
Package pdftex.def Info: figures/vorticity_plots/Mza2/ph_210.png  used on input
 line 101.
(pdftex.def)             Requested size: 278.92061pt x 143.53041pt.

Overfull \hbox (55.78412pt too wide) in paragraph at lines 101--102
 [][] 
 []

<figures/vorticity_plots/SB/ph_210.png, id=775, 1921.1775pt x 988.69376pt>
File: figures/vorticity_plots/SB/ph_210.png Graphic file (type png)
<use figures/vorticity_plots/SB/ph_210.png>
Package pdftex.def Info: figures/vorticity_plots/SB/ph_210.png  used on input l
ine 107.
(pdftex.def)             Requested size: 278.92061pt x 143.53041pt.

Overfull \hbox (55.78412pt too wide) in paragraph at lines 107--108
 [][] 
 []

<figures/vorticity_plots/FB/ph_210.png, id=776, 1921.1775pt x 988.69376pt>
File: figures/vorticity_plots/FB/ph_210.png Graphic file (type png)
<use figures/vorticity_plots/FB/ph_210.png>
Package pdftex.def Info: figures/vorticity_plots/FB/ph_210.png  used on input l
ine 113.
(pdftex.def)             Requested size: 278.92061pt x 143.53041pt.

Overfull \hbox (55.78412pt too wide) in paragraph at lines 113--114
 [][] 
 []

[40 <./figures/vorticity_plots/M0/ph_195.png (PNG copy)> <./figures/vorticity_p
lots/Mza1/ph_195.png (PNG copy)> <./figures/vorticity_plots/Mza2/ph_195.png (PN
G copy)> <./figures/vorticity_plots/SB/ph_195.png (PNG copy)> <./figures/vortic
ity_plots/FB/ph_195.png (PNG copy)>]
<figures/vorticity_plots/M0/ph_270.png, id=782, 1921.1775pt x 988.69376pt>
File: figures/vorticity_plots/M0/ph_270.png Graphic file (type png)
<use figures/vorticity_plots/M0/ph_270.png>
Package pdftex.def Info: figures/vorticity_plots/M0/ph_270.png  used on input l
ine 129.
(pdftex.def)             Requested size: 278.92061pt x 143.53041pt.

Overfull \hbox (55.78412pt too wide) in paragraph at lines 129--130
 [][] 
 []

<figures/vorticity_plots/Mza1/ph_270.png, id=783, 1921.1775pt x 988.69376pt>
File: figures/vorticity_plots/Mza1/ph_270.png Graphic file (type png)
<use figures/vorticity_plots/Mza1/ph_270.png>
Package pdftex.def Info: figures/vorticity_plots/Mza1/ph_270.png  used on input
 line 135.
(pdftex.def)             Requested size: 278.92061pt x 143.53041pt.

Overfull \hbox (55.78412pt too wide) in paragraph at lines 135--136
 [][] 
 []

<figures/vorticity_plots/Mza2/ph_270.png, id=784, 1921.1775pt x 988.69376pt>
File: figures/vorticity_plots/Mza2/ph_270.png Graphic file (type png)
<use figures/vorticity_plots/Mza2/ph_270.png>
Package pdftex.def Info: figures/vorticity_plots/Mza2/ph_270.png  used on input
 line 141.
(pdftex.def)             Requested size: 278.92061pt x 143.53041pt.

Overfull \hbox (55.78412pt too wide) in paragraph at lines 141--142
 [][] 
 []

<figures/vorticity_plots/SB/ph_270.png, id=785, 1921.1775pt x 988.69376pt>
File: figures/vorticity_plots/SB/ph_270.png Graphic file (type png)
<use figures/vorticity_plots/SB/ph_270.png>
Package pdftex.def Info: figures/vorticity_plots/SB/ph_270.png  used on input l
ine 147.
(pdftex.def)             Requested size: 278.92061pt x 143.53041pt.

Overfull \hbox (55.78412pt too wide) in paragraph at lines 147--148
 [][] 
 []

<figures/vorticity_plots/FB/ph_270.png, id=786, 1921.1775pt x 988.69376pt>
File: figures/vorticity_plots/FB/ph_270.png Graphic file (type png)
<use figures/vorticity_plots/FB/ph_270.png>
Package pdftex.def Info: figures/vorticity_plots/FB/ph_270.png  used on input l
ine 153.
(pdftex.def)             Requested size: 278.92061pt x 143.53041pt.

Overfull \hbox (55.78412pt too wide) in paragraph at lines 153--154
 [][] 
 []

[41 <./figures/vorticity_plots/M0/ph_210.png (PNG copy)> <./figures/vorticity_p
lots/Mza1/ph_210.png (PNG copy)> <./figures/vorticity_plots/Mza2/ph_210.png (PN
G copy)> <./figures/vorticity_plots/SB/ph_210.png (PNG copy)> <./figures/vortic
ity_plots/FB/ph_210.png (PNG copy)>] [42 <./figures/vorticity_plots/M0/ph_270.p
ng (PNG copy)> <./figures/vorticity_plots/Mza1/ph_270.png (PNG copy)> <./figure
s/vorticity_plots/Mza2/ph_270.png (PNG copy)> <./figures/vorticity_plots/SB/ph_
270.png (PNG copy)> <./figures/vorticity_plots/FB/ph_270.png (PNG copy)>]
<figures/Results/Cp_plots/Cp_ph_180.png, id=796, 421.575pt x 316.0608pt>
File: figures/Results/Cp_plots/Cp_ph_180.png Graphic file (type png)
<use figures/Results/Cp_plots/Cp_ph_180.png>
Package pdftex.def Info: figures/Results/Cp_plots/Cp_ph_180.png  used on input 
line 172.
(pdftex.def)             Requested size: 223.13649pt x 167.28958pt.
<figures/Results/Cp_plots/Cp_ph_195.png, id=797, 421.575pt x 316.0608pt>
File: figures/Results/Cp_plots/Cp_ph_195.png Graphic file (type png)
<use figures/Results/Cp_plots/Cp_ph_195.png>
Package pdftex.def Info: figures/Results/Cp_plots/Cp_ph_195.png  used on input 
line 178.
(pdftex.def)             Requested size: 223.13649pt x 167.28958pt.
<figures/Results/Cp_plots/Cp_ph_210.png, id=798, 421.575pt x 316.0608pt>
File: figures/Results/Cp_plots/Cp_ph_210.png Graphic file (type png)
<use figures/Results/Cp_plots/Cp_ph_210.png>
Package pdftex.def Info: figures/Results/Cp_plots/Cp_ph_210.png  used on input 
line 184.
(pdftex.def)             Requested size: 223.13649pt x 167.28958pt.
<figures/Results/Cp_plots/Cp_ph_225.png, id=799, 421.575pt x 316.0608pt>
File: figures/Results/Cp_plots/Cp_ph_225.png Graphic file (type png)
<use figures/Results/Cp_plots/Cp_ph_225.png>
Package pdftex.def Info: figures/Results/Cp_plots/Cp_ph_225.png  used on input 
line 190.
(pdftex.def)             Requested size: 223.13649pt x 167.28958pt.
<figures/Results/Cp_plots/Cp_ph_270.png, id=800, 421.575pt x 316.0608pt>
File: figures/Results/Cp_plots/Cp_ph_270.png Graphic file (type png)
<use figures/Results/Cp_plots/Cp_ph_270.png>
Package pdftex.def Info: figures/Results/Cp_plots/Cp_ph_270.png  used on input 
line 196.
(pdftex.def)             Requested size: 223.13649pt x 167.28958pt.
<figures/Results/Cp_plots/Cp_ph_285.png, id=801, 421.575pt x 316.0608pt>
File: figures/Results/Cp_plots/Cp_ph_285.png Graphic file (type png)
<use figures/Results/Cp_plots/Cp_ph_285.png>
Package pdftex.def Info: figures/Results/Cp_plots/Cp_ph_285.png  used on input 
line 202.
(pdftex.def)             Requested size: 223.13649pt x 167.28958pt.

[43])) [44 <./figures/Results/Cp_plots/Cp_ph_180.png (PNG copy)> <./figures/Res
ults/Cp_plots/Cp_ph_195.png (PNG copy)> <./figures/Results/Cp_plots/Cp_ph_210.p
ng (PNG copy)> <./figures/Results/Cp_plots/Cp_ph_225.png (PNG copy)> <./figures
/Results/Cp_plots/Cp_ph_270.png (PNG copy)> <./figures/Results/Cp_plots/Cp_ph_2
85.png (PNG copy)>] [45]
\openout2 = `chapters/zonal_adapt_results/zonal_adapt_results.aux'.


(./chapters/zonal_adapt_results/zonal_adapt_results.tex
CHAPTER 5.
(./chapters/zonal_adapt_results/force_response.tex
<figures/zonal_adapt_results/force_response/Lift.png, id=817, 707.64375pt x 518
.6878pt>
File: figures/zonal_adapt_results/force_response/Lift.png Graphic file (type pn
g)
<use figures/zonal_adapt_results/force_response/Lift.png>
Package pdftex.def Info: figures/zonal_adapt_results/force_response/Lift.png  u
sed on input line 9.
(pdftex.def)             Requested size: 328.82707pt x 241.02113pt.
<figures/zonal_adapt_results/force_response/Drag.png, id=818, 707.64375pt x 518
.6878pt>
File: figures/zonal_adapt_results/force_response/Drag.png Graphic file (type pn
g)
<use figures/zonal_adapt_results/force_response/Drag.png>
Package pdftex.def Info: figures/zonal_adapt_results/force_response/Drag.png  u
sed on input line 15.
(pdftex.def)             Requested size: 328.82707pt x 241.02113pt.
) [46



]
(./chapters/zonal_adapt_results/vorticity.tex [47 <./figures/zonal_adapt_result
s/force_response/Lift.png (PNG copy)> <./figures/zonal_adapt_results/force_resp
onse/Drag.png (PNG copy)>] [48]
<figures/zonal_adapt_results/vorticity_plots/v2/M0/spavg/phase_150.png, id=837,
 1409.265pt x 777.90625pt>
File: figures/zonal_adapt_results/vorticity_plots/v2/M0/spavg/phase_150.png Gra
phic file (type png)
<use figures/zonal_adapt_results/vorticity_plots/v2/M0/spavg/phase_150.png>
Package pdftex.def Info: figures/zonal_adapt_results/vorticity_plots/v2/M0/spav
g/phase_150.png  used on input line 28.
(pdftex.def)             Requested size: 223.13649pt x 123.16185pt.
<figures/zonal_adapt_results/vorticity_plots/v2/Mza1_25/spavg/phase_150.png, id
=838, 1409.265pt x 777.90625pt>
File: figures/zonal_adapt_results/vorticity_plots/v2/Mza1_25/spavg/phase_150.pn
g Graphic file (type png)
<use figures/zonal_adapt_results/vorticity_plots/v2/Mza1_25/spavg/phase_150.png
>
Package pdftex.def Info: figures/zonal_adapt_results/vorticity_plots/v2/Mza1_25
/spavg/phase_150.png  used on input line 35.
(pdftex.def)             Requested size: 223.13649pt x 123.16185pt.
<figures/zonal_adapt_results/vorticity_plots/v2/Mza1_50/spavg/phase_150.png, id
=839, 1409.265pt x 777.90625pt>
File: figures/zonal_adapt_results/vorticity_plots/v2/Mza1_50/spavg/phase_150.pn
g Graphic file (type png)
<use figures/zonal_adapt_results/vorticity_plots/v2/Mza1_50/spavg/phase_150.png
>
Package pdftex.def Info: figures/zonal_adapt_results/vorticity_plots/v2/Mza1_50
/spavg/phase_150.png  used on input line 41.
(pdftex.def)             Requested size: 223.13649pt x 123.16185pt.
<figures/zonal_adapt_results/vorticity_plots/v2/Mza2_50/spavg/phase_150.png, id
=840, 1409.265pt x 777.90625pt>
File: figures/zonal_adapt_results/vorticity_plots/v2/Mza2_50/spavg/phase_150.pn
g Graphic file (type png)
<use figures/zonal_adapt_results/vorticity_plots/v2/Mza2_50/spavg/phase_150.png
>
Package pdftex.def Info: figures/zonal_adapt_results/vorticity_plots/v2/Mza2_50
/spavg/phase_150.png  used on input line 59.
(pdftex.def)             Requested size: 223.13649pt x 123.16185pt.
<figures/zonal_adapt_results/vorticity_plots/v2/Mza2_100/spavg/phase_150.png, i
d=841, 1409.265pt x 777.90625pt>
File: figures/zonal_adapt_results/vorticity_plots/v2/Mza2_100/spavg/phase_150.p
ng Graphic file (type png)
<use figures/zonal_adapt_results/vorticity_plots/v2/Mza2_100/spavg/phase_150.pn
g>
Package pdftex.def Info: figures/zonal_adapt_results/vorticity_plots/v2/Mza2_10
0/spavg/phase_150.png  used on input line 65.
(pdftex.def)             Requested size: 223.13649pt x 123.16185pt.
<figures/zonal_adapt_results/vorticity_plots/v2/Mza3_50/spavg/phase_150.png, id
=842, 1409.265pt x 777.90625pt>
File: figures/zonal_adapt_results/vorticity_plots/v2/Mza3_50/spavg/phase_150.pn
g Graphic file (type png)
<use figures/zonal_adapt_results/vorticity_plots/v2/Mza3_50/spavg/phase_150.png
>
Package pdftex.def Info: figures/zonal_adapt_results/vorticity_plots/v2/Mza3_50
/spavg/phase_150.png  used on input line 71.
(pdftex.def)             Requested size: 223.13649pt x 123.16185pt.
<figures/zonal_adapt_results/vorticity_plots/v2/Mza3_100/spavg/phase_150.png, i
d=843, 1409.265pt x 777.90625pt>
File: figures/zonal_adapt_results/vorticity_plots/v2/Mza3_100/spavg/phase_150.p
ng Graphic file (type png)
<use figures/zonal_adapt_results/vorticity_plots/v2/Mza3_100/spavg/phase_150.pn
g>
Package pdftex.def Info: figures/zonal_adapt_results/vorticity_plots/v2/Mza3_10
0/spavg/phase_150.png  used on input line 77.
(pdftex.def)             Requested size: 223.13649pt x 123.16185pt.
 [49]
<figures/zonal_adapt_results/vorticity_plots/v2/M0/spavg/phase_180.png, id=848,
 1409.265pt x 777.90625pt>
File: figures/zonal_adapt_results/vorticity_plots/v2/M0/spavg/phase_180.png Gra
phic file (type png)
<use figures/zonal_adapt_results/vorticity_plots/v2/M0/spavg/phase_180.png>
Package pdftex.def Info: figures/zonal_adapt_results/vorticity_plots/v2/M0/spav
g/phase_180.png  used on input line 98.
(pdftex.def)             Requested size: 223.13649pt x 123.16185pt.
<figures/zonal_adapt_results/vorticity_plots/v2/Mza1_25/spavg/phase_180.png, id
=849, 1409.265pt x 777.90625pt>
File: figures/zonal_adapt_results/vorticity_plots/v2/Mza1_25/spavg/phase_180.pn
g Graphic file (type png)
<use figures/zonal_adapt_results/vorticity_plots/v2/Mza1_25/spavg/phase_180.png
>
Package pdftex.def Info: figures/zonal_adapt_results/vorticity_plots/v2/Mza1_25
/spavg/phase_180.png  used on input line 105.
(pdftex.def)             Requested size: 223.13649pt x 123.16185pt.
<figures/zonal_adapt_results/vorticity_plots/v2/Mza1_50/spavg/phase_180.png, id
=850, 1409.265pt x 777.90625pt>
File: figures/zonal_adapt_results/vorticity_plots/v2/Mza1_50/spavg/phase_180.pn
g Graphic file (type png)
<use figures/zonal_adapt_results/vorticity_plots/v2/Mza1_50/spavg/phase_180.png
>
Package pdftex.def Info: figures/zonal_adapt_results/vorticity_plots/v2/Mza1_50
/spavg/phase_180.png  used on input line 111.
(pdftex.def)             Requested size: 223.13649pt x 123.16185pt.
<figures/zonal_adapt_results/vorticity_plots/v2/Mza2_50/spavg/phase_180.png, id
=851, 1409.265pt x 777.90625pt>
File: figures/zonal_adapt_results/vorticity_plots/v2/Mza2_50/spavg/phase_180.pn
g Graphic file (type png)
<use figures/zonal_adapt_results/vorticity_plots/v2/Mza2_50/spavg/phase_180.png
>
Package pdftex.def Info: figures/zonal_adapt_results/vorticity_plots/v2/Mza2_50
/spavg/phase_180.png  used on input line 129.
(pdftex.def)             Requested size: 223.13649pt x 123.16185pt.
<figures/zonal_adapt_results/vorticity_plots/v2/Mza2_100/spavg/phase_180.png, i
d=852, 1409.265pt x 777.90625pt>
File: figures/zonal_adapt_results/vorticity_plots/v2/Mza2_100/spavg/phase_180.p
ng Graphic file (type png)
<use figures/zonal_adapt_results/vorticity_plots/v2/Mza2_100/spavg/phase_180.pn
g>
Package pdftex.def Info: figures/zonal_adapt_results/vorticity_plots/v2/Mza2_10
0/spavg/phase_180.png  used on input line 135.
(pdftex.def)             Requested size: 223.13649pt x 123.16185pt.
<figures/zonal_adapt_results/vorticity_plots/v2/Mza3_50/spavg/phase_180.png, id
=853, 1409.265pt x 777.90625pt>
File: figures/zonal_adapt_results/vorticity_plots/v2/Mza3_50/spavg/phase_180.pn
g Graphic file (type png)
<use figures/zonal_adapt_results/vorticity_plots/v2/Mza3_50/spavg/phase_180.png
>
Package pdftex.def Info: figures/zonal_adapt_results/vorticity_plots/v2/Mza3_50
/spavg/phase_180.png  used on input line 141.
(pdftex.def)             Requested size: 223.13649pt x 123.16185pt.
<figures/zonal_adapt_results/vorticity_plots/v2/Mza3_100/spavg/phase_180.png, i
d=854, 1409.265pt x 777.90625pt>
File: figures/zonal_adapt_results/vorticity_plots/v2/Mza3_100/spavg/phase_180.p
ng Graphic file (type png)
<use figures/zonal_adapt_results/vorticity_plots/v2/Mza3_100/spavg/phase_180.pn
g>
Package pdftex.def Info: figures/zonal_adapt_results/vorticity_plots/v2/Mza3_10
0/spavg/phase_180.png  used on input line 147.
(pdftex.def)             Requested size: 223.13649pt x 123.16185pt.
 [50 <./figures/zonal_adapt_results/vorticity_plots/v2/M0/spavg/phase_150.png (
PNG copy)> <./figures/zonal_adapt_results/vorticity_plots/v2/Mza1_25/spavg/phas
e_150.png (PNG copy)> <./figures/zonal_adapt_results/vorticity_plots/v2/Mza1_50
/spavg/phase_150.png (PNG copy)> <./figures/zonal_adapt_results/vorticity_plots
/v2/Mza2_50/spavg/phase_150.png (PNG copy)> <./figures/zonal_adapt_results/vort
icity_plots/v2/Mza2_100/spavg/phase_150.png (PNG copy)> <./figures/zonal_adapt_
results/vorticity_plots/v2/Mza3_50/spavg/phase_150.png (PNG copy)> <./figures/z
onal_adapt_results/vorticity_plots/v2/Mza3_100/spavg/phase_150.png (PNG copy)>]
<figures/zonal_adapt_results/vorticity_plots/v2/M0/spavg/phase_210.png, id=859,
 1409.265pt x 777.90625pt>
File: figures/zonal_adapt_results/vorticity_plots/v2/M0/spavg/phase_210.png Gra
phic file (type png)
<use figures/zonal_adapt_results/vorticity_plots/v2/M0/spavg/phase_210.png>
Package pdftex.def Info: figures/zonal_adapt_results/vorticity_plots/v2/M0/spav
g/phase_210.png  used on input line 165.
(pdftex.def)             Requested size: 223.13649pt x 123.16185pt.
<figures/zonal_adapt_results/vorticity_plots/v2/Mza1_25/spavg/phase_210.png, id
=860, 1409.265pt x 777.90625pt>
File: figures/zonal_adapt_results/vorticity_plots/v2/Mza1_25/spavg/phase_210.pn
g Graphic file (type png)
<use figures/zonal_adapt_results/vorticity_plots/v2/Mza1_25/spavg/phase_210.png
>
Package pdftex.def Info: figures/zonal_adapt_results/vorticity_plots/v2/Mza1_25
/spavg/phase_210.png  used on input line 172.
(pdftex.def)             Requested size: 223.13649pt x 123.16185pt.
<figures/zonal_adapt_results/vorticity_plots/v2/Mza1_50/spavg/phase_210.png, id
=861, 1409.265pt x 777.90625pt>
File: figures/zonal_adapt_results/vorticity_plots/v2/Mza1_50/spavg/phase_210.pn
g Graphic file (type png)
<use figures/zonal_adapt_results/vorticity_plots/v2/Mza1_50/spavg/phase_210.png
>
Package pdftex.def Info: figures/zonal_adapt_results/vorticity_plots/v2/Mza1_50
/spavg/phase_210.png  used on input line 178.
(pdftex.def)             Requested size: 223.13649pt x 123.16185pt.
<figures/zonal_adapt_results/vorticity_plots/v2/Mza2_50/spavg/phase_210.png, id
=862, 1409.265pt x 777.90625pt>
File: figures/zonal_adapt_results/vorticity_plots/v2/Mza2_50/spavg/phase_210.pn
g Graphic file (type png)
<use figures/zonal_adapt_results/vorticity_plots/v2/Mza2_50/spavg/phase_210.png
>
Package pdftex.def Info: figures/zonal_adapt_results/vorticity_plots/v2/Mza2_50
/spavg/phase_210.png  used on input line 196.
(pdftex.def)             Requested size: 223.13649pt x 123.16185pt.
<figures/zonal_adapt_results/vorticity_plots/v2/Mza2_100/spavg/phase_210.png, i
d=863, 1409.265pt x 777.90625pt>
File: figures/zonal_adapt_results/vorticity_plots/v2/Mza2_100/spavg/phase_210.p
ng Graphic file (type png)
<use figures/zonal_adapt_results/vorticity_plots/v2/Mza2_100/spavg/phase_210.pn
g>
Package pdftex.def Info: figures/zonal_adapt_results/vorticity_plots/v2/Mza2_10
0/spavg/phase_210.png  used on input line 202.
(pdftex.def)             Requested size: 223.13649pt x 123.16185pt.
<figures/zonal_adapt_results/vorticity_plots/v2/Mza3_50/spavg/phase_210.png, id
=864, 1409.265pt x 777.90625pt>
File: figures/zonal_adapt_results/vorticity_plots/v2/Mza3_50/spavg/phase_210.pn
g Graphic file (type png)
<use figures/zonal_adapt_results/vorticity_plots/v2/Mza3_50/spavg/phase_210.png
>
Package pdftex.def Info: figures/zonal_adapt_results/vorticity_plots/v2/Mza3_50
/spavg/phase_210.png  used on input line 208.
(pdftex.def)             Requested size: 223.13649pt x 123.16185pt.
<figures/zonal_adapt_results/vorticity_plots/v2/Mza3_100/spavg/phase_210.png, i
d=865, 1409.265pt x 777.90625pt>
File: figures/zonal_adapt_results/vorticity_plots/v2/Mza3_100/spavg/phase_210.p
ng Graphic file (type png)
<use figures/zonal_adapt_results/vorticity_plots/v2/Mza3_100/spavg/phase_210.pn
g>
Package pdftex.def Info: figures/zonal_adapt_results/vorticity_plots/v2/Mza3_10
0/spavg/phase_210.png  used on input line 214.
(pdftex.def)             Requested size: 223.13649pt x 123.16185pt.
 [51 <./figures/zonal_adapt_results/vorticity_plots/v2/M0/spavg/phase_180.png (
PNG copy)> <./figures/zonal_adapt_results/vorticity_plots/v2/Mza1_25/spavg/phas
e_180.png (PNG copy)> <./figures/zonal_adapt_results/vorticity_plots/v2/Mza1_50
/spavg/phase_180.png (PNG copy)> <./figures/zonal_adapt_results/vorticity_plots
/v2/Mza2_50/spavg/phase_180.png (PNG copy)> <./figures/zonal_adapt_results/vort
icity_plots/v2/Mza2_100/spavg/phase_180.png (PNG copy)> <./figures/zonal_adapt_
results/vorticity_plots/v2/Mza3_50/spavg/phase_180.png (PNG copy)> <./figures/z
onal_adapt_results/vorticity_plots/v2/Mza3_100/spavg/phase_180.png (PNG copy)>]
<figures/zonal_adapt_results/vorticity_plots/v2/M0/spavg/phase_240.png, id=870,
 1409.265pt x 777.90625pt>
File: figures/zonal_adapt_results/vorticity_plots/v2/M0/spavg/phase_240.png Gra
phic file (type png)
<use figures/zonal_adapt_results/vorticity_plots/v2/M0/spavg/phase_240.png>
Package pdftex.def Info: figures/zonal_adapt_results/vorticity_plots/v2/M0/spav
g/phase_240.png  used on input line 232.
(pdftex.def)             Requested size: 223.13649pt x 123.16185pt.
<figures/zonal_adapt_results/vorticity_plots/v2/Mza1_25/spavg/phase_240.png, id
=871, 1409.265pt x 777.90625pt>
File: figures/zonal_adapt_results/vorticity_plots/v2/Mza1_25/spavg/phase_240.pn
g Graphic file (type png)
<use figures/zonal_adapt_results/vorticity_plots/v2/Mza1_25/spavg/phase_240.png
>
Package pdftex.def Info: figures/zonal_adapt_results/vorticity_plots/v2/Mza1_25
/spavg/phase_240.png  used on input line 239.
(pdftex.def)             Requested size: 223.13649pt x 123.16185pt.
<figures/zonal_adapt_results/vorticity_plots/v2/Mza1_50/spavg/phase_240.png, id
=872, 1409.265pt x 777.90625pt>
File: figures/zonal_adapt_results/vorticity_plots/v2/Mza1_50/spavg/phase_240.pn
g Graphic file (type png)
<use figures/zonal_adapt_results/vorticity_plots/v2/Mza1_50/spavg/phase_240.png
>
Package pdftex.def Info: figures/zonal_adapt_results/vorticity_plots/v2/Mza1_50
/spavg/phase_240.png  used on input line 245.
(pdftex.def)             Requested size: 223.13649pt x 123.16185pt.
<figures/zonal_adapt_results/vorticity_plots/v2/Mza2_50/spavg/phase_240.png, id
=873, 1409.265pt x 777.90625pt>
File: figures/zonal_adapt_results/vorticity_plots/v2/Mza2_50/spavg/phase_240.pn
g Graphic file (type png)
<use figures/zonal_adapt_results/vorticity_plots/v2/Mza2_50/spavg/phase_240.png
>
Package pdftex.def Info: figures/zonal_adapt_results/vorticity_plots/v2/Mza2_50
/spavg/phase_240.png  used on input line 251.
(pdftex.def)             Requested size: 223.13649pt x 123.16185pt.
<figures/zonal_adapt_results/vorticity_plots/v2/Mza2_100/spavg/phase_240.png, i
d=874, 1409.265pt x 777.90625pt>
File: figures/zonal_adapt_results/vorticity_plots/v2/Mza2_100/spavg/phase_240.p
ng Graphic file (type png)
<use figures/zonal_adapt_results/vorticity_plots/v2/Mza2_100/spavg/phase_240.pn
g>
Package pdftex.def Info: figures/zonal_adapt_results/vorticity_plots/v2/Mza2_10
0/spavg/phase_240.png  used on input line 275.
(pdftex.def)             Requested size: 223.13649pt x 123.16185pt.
<figures/zonal_adapt_results/vorticity_plots/v2/Mza3_50/spavg/phase_240.png, id
=875, 1409.265pt x 777.90625pt>
File: figures/zonal_adapt_results/vorticity_plots/v2/Mza3_50/spavg/phase_240.pn
g Graphic file (type png)
<use figures/zonal_adapt_results/vorticity_plots/v2/Mza3_50/spavg/phase_240.png
>
Package pdftex.def Info: figures/zonal_adapt_results/vorticity_plots/v2/Mza3_50
/spavg/phase_240.png  used on input line 281.
(pdftex.def)             Requested size: 223.13649pt x 123.16185pt.
<figures/zonal_adapt_results/vorticity_plots/v2/Mza3_100/spavg/phase_240.png, i
d=876, 1409.265pt x 777.90625pt>
File: figures/zonal_adapt_results/vorticity_plots/v2/Mza3_100/spavg/phase_240.p
ng Graphic file (type png)
<use figures/zonal_adapt_results/vorticity_plots/v2/Mza3_100/spavg/phase_240.pn
g>
Package pdftex.def Info: figures/zonal_adapt_results/vorticity_plots/v2/Mza3_10
0/spavg/phase_240.png  used on input line 287.
(pdftex.def)             Requested size: 223.13649pt x 123.16185pt.
 [52 <./figures/zonal_adapt_results/vorticity_plots/v2/M0/spavg/phase_210.png (
PNG copy)> <./figures/zonal_adapt_results/vorticity_plots/v2/Mza1_25/spavg/phas
e_210.png (PNG copy)> <./figures/zonal_adapt_results/vorticity_plots/v2/Mza1_50
/spavg/phase_210.png (PNG copy)> <./figures/zonal_adapt_results/vorticity_plots
/v2/Mza2_50/spavg/phase_210.png (PNG copy)> <./figures/zonal_adapt_results/vort
icity_plots/v2/Mza2_100/spavg/phase_210.png (PNG copy)> <./figures/zonal_adapt_
results/vorticity_plots/v2/Mza3_50/spavg/phase_210.png (PNG copy)> <./figures/z
onal_adapt_results/vorticity_plots/v2/Mza3_100/spavg/phase_210.png (PNG copy)>]
<figures/zonal_adapt_results/vorticity_plots/v3/M0/spavg/phase_270.png, id=882,
 1409.265pt x 777.90625pt>
File: figures/zonal_adapt_results/vorticity_plots/v3/M0/spavg/phase_270.png Gra
phic file (type png)
<use figures/zonal_adapt_results/vorticity_plots/v3/M0/spavg/phase_270.png>
Package pdftex.def Info: figures/zonal_adapt_results/vorticity_plots/v3/M0/spav
g/phase_270.png  used on input line 305.
(pdftex.def)             Requested size: 223.13649pt x 123.16185pt.
<figures/zonal_adapt_results/vorticity_plots/v3/Mza1_25/spavg/phase_270.png, id
=883, 1409.265pt x 777.90625pt>
File: figures/zonal_adapt_results/vorticity_plots/v3/Mza1_25/spavg/phase_270.pn
g Graphic file (type png)
<use figures/zonal_adapt_results/vorticity_plots/v3/Mza1_25/spavg/phase_270.png
>
Package pdftex.def Info: figures/zonal_adapt_results/vorticity_plots/v3/Mza1_25
/spavg/phase_270.png  used on input line 312.
(pdftex.def)             Requested size: 223.13649pt x 123.16185pt.
<figures/zonal_adapt_results/vorticity_plots/v3/Mza1_50/spavg/phase_270.png, id
=884, 1409.265pt x 777.90625pt>
File: figures/zonal_adapt_results/vorticity_plots/v3/Mza1_50/spavg/phase_270.pn
g Graphic file (type png)
<use figures/zonal_adapt_results/vorticity_plots/v3/Mza1_50/spavg/phase_270.png
>
Package pdftex.def Info: figures/zonal_adapt_results/vorticity_plots/v3/Mza1_50
/spavg/phase_270.png  used on input line 318.
(pdftex.def)             Requested size: 223.13649pt x 123.16185pt.
<figures/zonal_adapt_results/vorticity_plots/v3/Mza2_50/spavg/phase_270.png, id
=885, 1409.265pt x 777.90625pt>
File: figures/zonal_adapt_results/vorticity_plots/v3/Mza2_50/spavg/phase_270.pn
g Graphic file (type png)
<use figures/zonal_adapt_results/vorticity_plots/v3/Mza2_50/spavg/phase_270.png
>
Package pdftex.def Info: figures/zonal_adapt_results/vorticity_plots/v3/Mza2_50
/spavg/phase_270.png  used on input line 336.
(pdftex.def)             Requested size: 223.13649pt x 123.16185pt.
<figures/zonal_adapt_results/vorticity_plots/v3/Mza2_100/spavg/phase_270.png, i
d=886, 1409.265pt x 777.90625pt>
File: figures/zonal_adapt_results/vorticity_plots/v3/Mza2_100/spavg/phase_270.p
ng Graphic file (type png)
<use figures/zonal_adapt_results/vorticity_plots/v3/Mza2_100/spavg/phase_270.pn
g>
Package pdftex.def Info: figures/zonal_adapt_results/vorticity_plots/v3/Mza2_10
0/spavg/phase_270.png  used on input line 342.
(pdftex.def)             Requested size: 223.13649pt x 123.16185pt.
<figures/zonal_adapt_results/vorticity_plots/v3/Mza3_50/spavg/phase_270.png, id
=887, 1409.265pt x 777.90625pt>
File: figures/zonal_adapt_results/vorticity_plots/v3/Mza3_50/spavg/phase_270.pn
g Graphic file (type png)
<use figures/zonal_adapt_results/vorticity_plots/v3/Mza3_50/spavg/phase_270.png
>
Package pdftex.def Info: figures/zonal_adapt_results/vorticity_plots/v3/Mza3_50
/spavg/phase_270.png  used on input line 348.
(pdftex.def)             Requested size: 223.13649pt x 123.16185pt.
<figures/zonal_adapt_results/vorticity_plots/v3/Mza3_100/spavg/phase_270.png, i
d=888, 1409.265pt x 777.90625pt>
File: figures/zonal_adapt_results/vorticity_plots/v3/Mza3_100/spavg/phase_270.p
ng Graphic file (type png)
<use figures/zonal_adapt_results/vorticity_plots/v3/Mza3_100/spavg/phase_270.pn
g>
Package pdftex.def Info: figures/zonal_adapt_results/vorticity_plots/v3/Mza3_10
0/spavg/phase_270.png  used on input line 354.
(pdftex.def)             Requested size: 223.13649pt x 123.16185pt.
) [53 <./figures/zonal_adapt_results/vorticity_plots/v2/M0/spavg/phase_240.png 
(PNG copy)> <./figures/zonal_adapt_results/vorticity_plots/v2/Mza1_25/spavg/pha
se_240.png (PNG copy)> <./figures/zonal_adapt_results/vorticity_plots/v2/Mza1_5
0/spavg/phase_240.png (PNG copy)> <./figures/zonal_adapt_results/vorticity_plot
s/v2/Mza2_50/spavg/phase_240.png (PNG copy)> <./figures/zonal_adapt_results/vor
ticity_plots/v2/Mza2_100/spavg/phase_240.png (PNG copy)> <./figures/zonal_adapt
_results/vorticity_plots/v2/Mza3_50/spavg/phase_240.png (PNG copy)> <./figures/
zonal_adapt_results/vorticity_plots/v2/Mza3_100/spavg/phase_240.png (PNG copy)>
] (./chapters/zonal_adapt_results/Cp.tex
[54 <./figures/zonal_adapt_results/vorticity_plots/v3/M0/spavg/phase_270.png (P
NG copy)> <./figures/zonal_adapt_results/vorticity_plots/v3/Mza1_25/spavg/phase
_270.png (PNG copy)> <./figures/zonal_adapt_results/vorticity_plots/v3/Mza1_50/
spavg/phase_270.png (PNG copy)> <./figures/zonal_adapt_results/vorticity_plots/
v3/Mza2_50/spavg/phase_270.png (PNG copy)> <./figures/zonal_adapt_results/vorti
city_plots/v3/Mza2_100/spavg/phase_270.png (PNG copy)> <./figures/zonal_adapt_r
esults/vorticity_plots/v3/Mza3_50/spavg/phase_270.png (PNG copy)> <./figures/zo
nal_adapt_results/vorticity_plots/v3/Mza3_100/spavg/phase_270.png (PNG copy)>]
<figures/zonal_adapt_results/Cp/phase_150.png, id=901, 526.96875pt x 395.22656p
t>
File: figures/zonal_adapt_results/Cp/phase_150.png Graphic file (type png)
<use figures/zonal_adapt_results/Cp/phase_150.png>
Package pdftex.def Info: figures/zonal_adapt_results/Cp/phase_150.png  used on 
input line 23.
(pdftex.def)             Requested size: 223.13649pt x 167.35092pt.
<figures/zonal_adapt_results/Cp/phase_180.png, id=902, 526.96875pt x 395.22656p
t>
File: figures/zonal_adapt_results/Cp/phase_180.png Graphic file (type png)
<use figures/zonal_adapt_results/Cp/phase_180.png>
Package pdftex.def Info: figures/zonal_adapt_results/Cp/phase_180.png  used on 
input line 29.
(pdftex.def)             Requested size: 223.13649pt x 167.35092pt.
<figures/zonal_adapt_results/Cp/phase_210.png, id=903, 526.96875pt x 395.22656p
t>
File: figures/zonal_adapt_results/Cp/phase_210.png Graphic file (type png)
<use figures/zonal_adapt_results/Cp/phase_210.png>
Package pdftex.def Info: figures/zonal_adapt_results/Cp/phase_210.png  used on 
input line 35.
(pdftex.def)             Requested size: 223.13649pt x 167.35092pt.
<figures/zonal_adapt_results/Cp/phase_240.png, id=904, 526.96875pt x 395.22656p
t>
File: figures/zonal_adapt_results/Cp/phase_240.png Graphic file (type png)
<use figures/zonal_adapt_results/Cp/phase_240.png>
Package pdftex.def Info: figures/zonal_adapt_results/Cp/phase_240.png  used on 
input line 41.
(pdftex.def)             Requested size: 223.13649pt x 167.35092pt.

[55]
<figures/zonal_adapt_results/Cp/phase_270.png, id=911, 526.96875pt x 395.22656p
t>
File: figures/zonal_adapt_results/Cp/phase_270.png Graphic file (type png)
<use figures/zonal_adapt_results/Cp/phase_270.png>
Package pdftex.def Info: figures/zonal_adapt_results/Cp/phase_270.png  used on 
input line 58.
(pdftex.def)             Requested size: 223.13649pt x 167.35092pt.
<figures/zonal_adapt_results/Cp/phase_300.png, id=912, 526.96875pt x 395.22656p
t>
File: figures/zonal_adapt_results/Cp/phase_300.png Graphic file (type png)
<use figures/zonal_adapt_results/Cp/phase_300.png>
Package pdftex.def Info: figures/zonal_adapt_results/Cp/phase_300.png  used on 
input line 64.
(pdftex.def)             Requested size: 223.13649pt x 167.35092pt.
) (./chapters/zonal_adapt_results/LEV.tex
<figures/zonal_adapt_results/LEV/LEV_location.png, id=913, 526.96875pt x 395.22
656pt>
File: figures/zonal_adapt_results/LEV/LEV_location.png Graphic file (type png)
<use figures/zonal_adapt_results/LEV/LEV_location.png>
Package pdftex.def Info: figures/zonal_adapt_results/LEV/LEV_location.png  used
 on input line 5.
(pdftex.def)             Requested size: 352.31625pt x 264.25162pt.
 [56 <./figures/zonal_adapt_results/Cp/phase_150.png (PNG copy)> <./figures/zon
al_adapt_results/Cp/phase_180.png (PNG copy)> <./figures/zonal_adapt_results/Cp
/phase_210.png (PNG copy)> <./figures/zonal_adapt_results/Cp/phase_240.png (PNG
 copy)>]
<figures/zonal_adapt_results/LEV/LEV_radius_vp.png, id=918, 526.96875pt x 395.2
2656pt>
File: figures/zonal_adapt_results/LEV/LEV_radius_vp.png Graphic file (type png)

<use figures/zonal_adapt_results/LEV/LEV_radius_vp.png>
Package pdftex.def Info: figures/zonal_adapt_results/LEV/LEV_radius_vp.png  use
d on input line 13.
(pdftex.def)             Requested size: 352.31625pt x 264.25162pt.
) [57 <./figures/zonal_adapt_results/Cp/phase_270.png (PNG copy)> <./figures/zo
nal_adapt_results/Cp/phase_300.png (PNG copy)> <./figures/zonal_adapt_results/L
EV/LEV_location.png (PNG copy)>]) [58 <./figures/zonal_adapt_results/LEV/LEV_ra
dius_vp.png (PNG copy)>]
(./phddisertation.bbl [59

]) [60]
\openout2 = `rpiapp.aux'.

 (./rpiapp.tex
APPENDIX A.
) [61


]
Package atveryend Info: Empty hook `BeforeClearDocument' on input line 86.
Package atveryend Info: Empty hook `AfterLastShipout' on input line 86.
 (./phddisertation.aux (./rpititle-phd.aux) (./rpiack.aux) (./rpiabs.aux) (./ch
apters/Introduction/Introduction.aux)
(./chapters/LES/numerical_discretization.aux) (./chapters/VMS_EE/VMS_EE.aux)
(./chapters/adapt_strat/Adapt_St.aux)
(./chapters/zonal_adapt_results/zonal_adapt_results.aux) (./rpiapp.aux))
Package atveryend Info: Executing hook `AtVeryEndDocument' on input line 86.
Package atveryend Info: Executing hook `AtEndAfterFileList' on input line 86.
Package rerunfilecheck Info: File `phddisertation.out' has not changed.
(rerunfilecheck)             Checksum: E62235BA9D71A6D40072B53BE7BBE94C;2700.


LaTeX Warning: There were multiply-defined labels.

 ) 
Here is how much of TeX's memory you used:
 23692 strings out of 492616
 457063 string characters out of 6132767
 540506 words of memory out of 5000000
 26977 multiletter control sequences out of 15000+600000
 551582 words of font info for 96 fonts, out of 8000000 for 9000
 1141 hyphenation exceptions out of 8191
 43i,23n,63p,1150b,888s stack positions out of 5000i,500n,10000p,200000b,80000s
<c:/texlive/2018/texmf-dist/fonts/type1/public/amsfonts/cm/cmbsy10.pfb><c:/te
xlive/2018/texmf-dist/fonts/type1/public/amsfonts/cm/cmbx10.pfb><c:/texlive/201
8/texmf-dist/fonts/type1/public/amsfonts/cm/cmbx12.pfb><c:/texlive/2018/texmf-d
ist/fonts/type1/public/amsfonts/cm/cmex10.pfb><c:/texlive/2018/texmf-dist/fonts
/type1/public/amsfonts/cm/cmmi10.pfb><c:/texlive/2018/texmf-dist/fonts/type1/pu
blic/amsfonts/cm/cmmi12.pfb><c:/texlive/2018/texmf-dist/fonts/type1/public/amsf
onts/cm/cmmi6.pfb><c:/texlive/2018/texmf-dist/fonts/type1/public/amsfonts/cm/cm
mi7.pfb><c:/texlive/2018/texmf-dist/fonts/type1/public/amsfonts/cm/cmmi8.pfb><c
:/texlive/2018/texmf-dist/fonts/type1/public/amsfonts/cm/cmmib10.pfb><c:/texliv
e/2018/texmf-dist/fonts/type1/public/amsfonts/cmextra/cmmib8.pfb><c:/texlive/20
18/texmf-dist/fonts/type1/public/amsfonts/cm/cmr10.pfb><c:/texlive/2018/texmf-d
ist/fonts/type1/public/amsfonts/cm/cmr12.pfb><c:/texlive/2018/texmf-dist/fonts/
type1/public/amsfonts/cm/cmr6.pfb><c:/texlive/2018/texmf-dist/fonts/type1/publi
c/amsfonts/cm/cmr8.pfb><c:/texlive/2018/texmf-dist/fonts/type1/public/amsfonts/
cm/cmsy10.pfb><c:/texlive/2018/texmf-dist/fonts/type1/public/amsfonts/cm/cmsy7.
pfb><c:/texlive/2018/texmf-dist/fonts/type1/public/amsfonts/cm/cmsy8.pfb><c:/te
xlive/2018/texmf-dist/fonts/type1/public/amsfonts/cm/cmti12.pfb><c:/texlive/201
8/texmf-dist/fonts/type1/public/amsfonts/symbols/msbm10.pfb>
Output written on phddisertation.pdf (70 pages, 45407825 bytes).
PDF statistics:
 1051 PDF objects out of 1200 (max. 8388607)
 809 compressed objects within 9 object streams
 209 named destinations out of 1000 (max. 500000)
 912 words of extra memory for PDF output out of 10000 (max. 10000000)

