\BOOKMARK [0][-]{chapter*.3}{LIST OF TABLES}{}% 1
\BOOKMARK [0][-]{chapter*.5}{LIST OF FIGURES}{}% 2
\BOOKMARK [0][-]{section*.6}{ACKNOWLEDGMENT}{}% 3
\BOOKMARK [0][-]{section*.8}{ABSTRACT}{}% 4
\BOOKMARK [0][-]{chapter.1}{Introduction}{}% 5
\BOOKMARK [0][-]{chapter.2}{Dynamic Large Eddy Simulation}{}% 6
\BOOKMARK [1][-]{section.2.1}{Combined Model Formulation}{chapter.2}% 7
\BOOKMARK [1][-]{section.2.2}{Dynamic Procedure}{chapter.2}% 8
\BOOKMARK [2][-]{subsection.2.2.1}{Local Variational Germano Identity}{section.2.2}% 9
\BOOKMARK [2][-]{subsection.2.2.2}{Local VGI Computation}{section.2.2}% 10
\BOOKMARK [0][-]{chapter.3}{VMS based error estimator}{}% 11
\BOOKMARK [1][-]{section.3.1}{General Formulation}{chapter.3}% 12
\BOOKMARK [1][-]{section.3.2}{Formulation for 1D Advection-Diffusion Equation}{chapter.3}% 13
\BOOKMARK [2][-]{subsection.3.2.1}{Generalization of VMS Error Estimator}{section.3.2}% 14
\BOOKMARK [3][-]{subsubsection.3.2.1.1}{Generalization to Multi-dimensional Cases}{subsection.3.2.1}% 15
\BOOKMARK [2][-]{subsection.3.2.2}{Application to the Navier-Stokes Equations}{section.3.2}% 16
\BOOKMARK [2][-]{subsection.3.2.3}{Application to Periodic Problems}{section.3.2}% 17
\BOOKMARK [2][-]{subsection.3.2.4}{Overview of Adaptive Strategies}{section.3.2}% 18
\BOOKMARK [3][-]{subsubsection.3.2.4.1}{Zonal Refinement/Adaptation}{subsection.3.2.4}% 19
\BOOKMARK [3][-]{subsubsection.3.2.4.2}{Nodal Size Field-based Adaptation}{subsection.3.2.4}% 20
\BOOKMARK [3][-]{subsubsection.3.2.4.3}{Feature-based Refinement/Adaptation}{subsection.3.2.4}% 21
\BOOKMARK [0][-]{chapter.4}{Baseline/Non-adapted Cases}{}% 22
\BOOKMARK [1][-]{subsection.4.0.1}{Problem Setup: Surging Airfoils}{chapter.4}% 23
\BOOKMARK [2][-]{subsection.4.0.2}{Summary of Baseline Cases}{subsection.4.0.1}% 24
\BOOKMARK [2][-]{subsection.4.0.3}{Results and Discussion}{subsection.4.0.1}% 25
\BOOKMARK [2][-]{subsection.4.0.4}{Feature/Vortex Detection and Tracking: LEV}{subsection.4.0.1}% 26
\BOOKMARK [2][-]{subsection.4.0.5}{Active Reflex Camber}{subsection.4.0.1}% 27
\BOOKMARK [0][-]{chapter.5}{Adaptive LES}{}% 28
\BOOKMARK [1][-]{section.5.1}{Adaptive Strategies}{chapter.5}% 29
\BOOKMARK [2][-]{subsection.5.1.1}{Zonal Refinement/Adaptation}{section.5.1}% 30
\BOOKMARK [2][-]{subsection.5.1.2}{Nodal Size Field-based Adaptation}{section.5.1}% 31
\BOOKMARK [2][-]{subsection.5.1.3}{Feature-based Refinement/Adaptation}{section.5.1}% 32
\BOOKMARK [2][-]{subsection.5.1.4}{Results using Different Adaptive Strategies}{section.5.1}% 33
\BOOKMARK [1][-]{section.5.2}{Application of Zonal Adaptive/Refinement Strategy}{chapter.5}% 34
\BOOKMARK [1][-]{section.5.3}{ Re=40,000, =6, sect=1.2}{chapter.5}% 35
\BOOKMARK [2][-]{subsection.5.3.1}{Mesh and Estimated Error-Field}{section.5.3}% 36
\BOOKMARK [2][-]{subsection.5.3.2}{Force Response}{section.5.3}% 37
\BOOKMARK [2][-]{subsection.5.3.3}{Flowfield: Spanwise Vorticity}{section.5.3}% 38
\BOOKMARK [2][-]{subsection.5.3.4}{Cp}{section.5.3}% 39
\BOOKMARK [2][-]{subsection.5.3.5}{Cp: LEV}{section.5.3}% 40
\BOOKMARK [2][-]{subsection.5.3.6}{Cp: Trailing Edge Separation}{section.5.3}% 41
\BOOKMARK [2][-]{subsection.5.3.7}{LEV}{section.5.3}% 42
\BOOKMARK [1][-]{section.5.4}{ Re=40,000, =10, sect=1.5: Active Camber Case}{chapter.5}% 43
\BOOKMARK [0][-]{section*.60}{REFERENCES}{}% 44
\BOOKMARK [0][-]{appendix.A}{THIS IS AN APPENDIX}{}% 45
